[2022-05-30 12:54:17] production.ERROR: The C:\Users\kildi\OneDrive\Documenten\GitHub\maaltijdenproject\bootstrap\cache directory must be present and writable. {"exception":"[object] (Exception(code: 0): The C:\\Users\\kildi\\OneDrive\\Documenten\\GitHub\\maaltijdenproject\\bootstrap\\cache directory must be present and writable. at C:\\Users\\kildi\\OneDrive\\Documenten\\GitHub\\maaltijdenproject\\vendor\\laravel\\framework\\src\\Illuminate\\Foundation\\PackageManifest.php:177)
[stacktrace]
#0 C:\\Users\\kildi\\OneDrive\\Documenten\\GitHub\\maaltijdenproject\\vendor\\laravel\\framework\\src\\Illuminate\\Foundation\\PackageManifest.php(136): Illuminate\\Foundation\\PackageManifest->write()
#1 C:\\Users\\kildi\\OneDrive\\Documenten\\GitHub\\maaltijdenproject\\vendor\\laravel\\framework\\src\\Illuminate\\Foundation\\PackageManifest.php(106): Illuminate\\Foundation\\PackageManifest->build()
#2 C:\\Users\\kildi\\OneDrive\\Documenten\\GitHub\\maaltijdenproject\\vendor\\laravel\\framework\\src\\Illuminate\\Foundation\\PackageManifest.php(89): Illuminate\\Foundation\\PackageManifest->getManifest()
#3 C:\\Users\\kildi\\OneDrive\\Documenten\\GitHub\\maaltijdenproject\\vendor\\laravel\\framework\\src\\Illuminate\\Foundation\\PackageManifest.php(78): Illuminate\\Foundation\\PackageManifest->config()
#4 C:\\Users\\kildi\\OneDrive\\Documenten\\GitHub\\maaltijdenproject\\vendor\\laravel\\framework\\src\\Illuminate\\Foundation\\Bootstrap\\RegisterFacades.php(26): Illuminate\\Foundation\\PackageManifest->aliases()
#5 C:\\Users\\kildi\\OneDrive\\Documenten\\GitHub\\maaltijdenproject\\vendor\\laravel\\framework\\src\\Illuminate\\Foundation\\Application.php(237): Illuminate\\Foundation\\Bootstrap\\RegisterFacades->bootstrap()
#6 C:\\Users\\kildi\\OneDrive\\Documenten\\GitHub\\maaltijdenproject\\vendor\\laravel\\framework\\src\\Illuminate\\Foundation\\Console\\Kernel.php(310): Illuminate\\Foundation\\Application->bootstrapWith()
#7 C:\\Users\\kildi\\OneDrive\\Documenten\\GitHub\\maaltijdenproject\\vendor\\laravel\\framework\\src\\Illuminate\\Foundation\\Console\\Kernel.php(127): Illuminate\\Foundation\\Console\\Kernel->bootstrap()
#8 C:\\Users\\kildi\\OneDrive\\Documenten\\GitHub\\maaltijdenproject\\artisan(37): Illuminate\\Foundation\\Console\\Kernel->handle()
#9 {main}
"} 
[2022-05-30 13:04:12] production.ERROR: The C:\Users\kildi\OneDrive\Documenten\GitHub\maaltijdenproject\bootstrap\cache directory must be present and writable. {"exception":"[object] (Exception(code: 0): The C:\\Users\\kildi\\OneDrive\\Documenten\\GitHub\\maaltijdenproject\\bootstrap\\cache directory must be present and writable. at C:\\Users\\kildi\\OneDrive\\Documenten\\GitHub\\maaltijdenproject\\vendor\\laravel\\framework\\src\\Illuminate\\Foundation\\PackageManifest.php:177)
[stacktrace]
#0 C:\\Users\\kildi\\OneDrive\\Documenten\\GitHub\\maaltijdenproject\\vendor\\laravel\\framework\\src\\Illuminate\\Foundation\\PackageManifest.php(136): Illuminate\\Foundation\\PackageManifest->write()
#1 C:\\Users\\kildi\\OneDrive\\Documenten\\GitHub\\maaltijdenproject\\vendor\\laravel\\framework\\src\\Illuminate\\Foundation\\PackageManifest.php(106): Illuminate\\Foundation\\PackageManifest->build()
#2 C:\\Users\\kildi\\OneDrive\\Documenten\\GitHub\\maaltijdenproject\\vendor\\laravel\\framework\\src\\Illuminate\\Foundation\\PackageManifest.php(89): Illuminate\\Foundation\\PackageManifest->getManifest()
#3 C:\\Users\\kildi\\OneDrive\\Documenten\\GitHub\\maaltijdenproject\\vendor\\laravel\\framework\\src\\Illuminate\\Foundation\\PackageManifest.php(78): Illuminate\\Foundation\\PackageManifest->config()
#4 C:\\Users\\kildi\\OneDrive\\Documenten\\GitHub\\maaltijdenproject\\vendor\\laravel\\framework\\src\\Illuminate\\Foundation\\Bootstrap\\RegisterFacades.php(26): Illuminate\\Foundation\\PackageManifest->aliases()
#5 C:\\Users\\kildi\\OneDrive\\Documenten\\GitHub\\maaltijdenproject\\vendor\\laravel\\framework\\src\\Illuminate\\Foundation\\Application.php(237): Illuminate\\Foundation\\Bootstrap\\RegisterFacades->bootstrap()
#6 C:\\Users\\kildi\\OneDrive\\Documenten\\GitHub\\maaltijdenproject\\vendor\\laravel\\framework\\src\\Illuminate\\Foundation\\Console\\Kernel.php(310): Illuminate\\Foundation\\Application->bootstrapWith()
#7 C:\\Users\\kildi\\OneDrive\\Documenten\\GitHub\\maaltijdenproject\\vendor\\laravel\\framework\\src\\Illuminate\\Foundation\\Console\\Kernel.php(127): Illuminate\\Foundation\\Console\\Kernel->bootstrap()
#8 C:\\Users\\kildi\\OneDrive\\Documenten\\GitHub\\maaltijdenproject\\artisan(37): Illuminate\\Foundation\\Console\\Kernel->handle()
#9 {main}
"} 
[2022-05-30 13:09:08] production.ERROR: The C:\Users\kildi\OneDrive\Documenten\GitHub\maaltijdenproject\bootstrap\cache directory must be present and writable. {"exception":"[object] (Exception(code: 0): The C:\\Users\\kildi\\OneDrive\\Documenten\\GitHub\\maaltijdenproject\\bootstrap\\cache directory must be present and writable. at C:\\Users\\kildi\\OneDrive\\Documenten\\GitHub\\maaltijdenproject\\vendor\\laravel\\framework\\src\\Illuminate\\Foundation\\PackageManifest.php:177)
[stacktrace]
#0 C:\\Users\\kildi\\OneDrive\\Documenten\\GitHub\\maaltijdenproject\\vendor\\laravel\\framework\\src\\Illuminate\\Foundation\\PackageManifest.php(136): Illuminate\\Foundation\\PackageManifest->write()
#1 C:\\Users\\kildi\\OneDrive\\Documenten\\GitHub\\maaltijdenproject\\vendor\\laravel\\framework\\src\\Illuminate\\Foundation\\PackageManifest.php(106): Illuminate\\Foundation\\PackageManifest->build()
#2 C:\\Users\\kildi\\OneDrive\\Documenten\\GitHub\\maaltijdenproject\\vendor\\laravel\\framework\\src\\Illuminate\\Foundation\\PackageManifest.php(89): Illuminate\\Foundation\\PackageManifest->getManifest()
#3 C:\\Users\\kildi\\OneDrive\\Documenten\\GitHub\\maaltijdenproject\\vendor\\laravel\\framework\\src\\Illuminate\\Foundation\\PackageManifest.php(78): Illuminate\\Foundation\\PackageManifest->config()
#4 C:\\Users\\kildi\\OneDrive\\Documenten\\GitHub\\maaltijdenproject\\vendor\\laravel\\framework\\src\\Illuminate\\Foundation\\Bootstrap\\RegisterFacades.php(26): Illuminate\\Foundation\\PackageManifest->aliases()
#5 C:\\Users\\kildi\\OneDrive\\Documenten\\GitHub\\maaltijdenproject\\vendor\\laravel\\framework\\src\\Illuminate\\Foundation\\Application.php(237): Illuminate\\Foundation\\Bootstrap\\RegisterFacades->bootstrap()
#6 C:\\Users\\kildi\\OneDrive\\Documenten\\GitHub\\maaltijdenproject\\vendor\\laravel\\framework\\src\\Illuminate\\Foundation\\Console\\Kernel.php(310): Illuminate\\Foundation\\Application->bootstrapWith()
#7 C:\\Users\\kildi\\OneDrive\\Documenten\\GitHub\\maaltijdenproject\\vendor\\laravel\\framework\\src\\Illuminate\\Foundation\\Console\\Kernel.php(127): Illuminate\\Foundation\\Console\\Kernel->bootstrap()
#8 C:\\Users\\kildi\\OneDrive\\Documenten\\GitHub\\maaltijdenproject\\artisan(37): Illuminate\\Foundation\\Console\\Kernel->handle()
#9 {main}
"} 
[2022-05-30 13:09:43] production.ERROR: The C:\Users\kildi\OneDrive\Documenten\GitHub\maaltijdenproject\bootstrap\cache directory must be present and writable. {"exception":"[object] (Exception(code: 0): The C:\\Users\\kildi\\OneDrive\\Documenten\\GitHub\\maaltijdenproject\\bootstrap\\cache directory must be present and writable. at C:\\Users\\kildi\\OneDrive\\Documenten\\GitHub\\maaltijdenproject\\vendor\\laravel\\framework\\src\\Illuminate\\Foundation\\PackageManifest.php:177)
[stacktrace]
#0 C:\\Users\\kildi\\OneDrive\\Documenten\\GitHub\\maaltijdenproject\\vendor\\laravel\\framework\\src\\Illuminate\\Foundation\\PackageManifest.php(136): Illuminate\\Foundation\\PackageManifest->write()
#1 C:\\Users\\kildi\\OneDrive\\Documenten\\GitHub\\maaltijdenproject\\vendor\\laravel\\framework\\src\\Illuminate\\Foundation\\PackageManifest.php(106): Illuminate\\Foundation\\PackageManifest->build()
#2 C:\\Users\\kildi\\OneDrive\\Documenten\\GitHub\\maaltijdenproject\\vendor\\laravel\\framework\\src\\Illuminate\\Foundation\\PackageManifest.php(89): Illuminate\\Foundation\\PackageManifest->getManifest()
#3 C:\\Users\\kildi\\OneDrive\\Documenten\\GitHub\\maaltijdenproject\\vendor\\laravel\\framework\\src\\Illuminate\\Foundation\\PackageManifest.php(78): Illuminate\\Foundation\\PackageManifest->config()
#4 C:\\Users\\kildi\\OneDrive\\Documenten\\GitHub\\maaltijdenproject\\vendor\\laravel\\framework\\src\\Illuminate\\Foundation\\Bootstrap\\RegisterFacades.php(26): Illuminate\\Foundation\\PackageManifest->aliases()
#5 C:\\Users\\kildi\\OneDrive\\Documenten\\GitHub\\maaltijdenproject\\vendor\\laravel\\framework\\src\\Illuminate\\Foundation\\Application.php(237): Illuminate\\Foundation\\Bootstrap\\RegisterFacades->bootstrap()
#6 C:\\Users\\kildi\\OneDrive\\Documenten\\GitHub\\maaltijdenproject\\vendor\\laravel\\framework\\src\\Illuminate\\Foundation\\Console\\Kernel.php(310): Illuminate\\Foundation\\Application->bootstrapWith()
#7 C:\\Users\\kildi\\OneDrive\\Documenten\\GitHub\\maaltijdenproject\\vendor\\laravel\\framework\\src\\Illuminate\\Foundation\\Console\\Kernel.php(127): Illuminate\\Foundation\\Console\\Kernel->bootstrap()
#8 C:\\Users\\kildi\\OneDrive\\Documenten\\GitHub\\maaltijdenproject\\artisan(37): Illuminate\\Foundation\\Console\\Kernel->handle()
#9 {main}
"} 
[2022-05-30 13:10:02] production.ERROR: The C:\Users\kildi\OneDrive\Documenten\GitHub\maaltijdenproject\bootstrap\cache directory must be present and writable. {"exception":"[object] (Exception(code: 0): The C:\\Users\\kildi\\OneDrive\\Documenten\\GitHub\\maaltijdenproject\\bootstrap\\cache directory must be present and writable. at C:\\Users\\kildi\\OneDrive\\Documenten\\GitHub\\maaltijdenproject\\vendor\\laravel\\framework\\src\\Illuminate\\Foundation\\PackageManifest.php:177)
[stacktrace]
#0 C:\\Users\\kildi\\OneDrive\\Documenten\\GitHub\\maaltijdenproject\\vendor\\laravel\\framework\\src\\Illuminate\\Foundation\\PackageManifest.php(136): Illuminate\\Foundation\\PackageManifest->write()
#1 C:\\Users\\kildi\\OneDrive\\Documenten\\GitHub\\maaltijdenproject\\vendor\\laravel\\framework\\src\\Illuminate\\Foundation\\PackageManifest.php(106): Illuminate\\Foundation\\PackageManifest->build()
#2 C:\\Users\\kildi\\OneDrive\\Documenten\\GitHub\\maaltijdenproject\\vendor\\laravel\\framework\\src\\Illuminate\\Foundation\\PackageManifest.php(89): Illuminate\\Foundation\\PackageManifest->getManifest()
#3 C:\\Users\\kildi\\OneDrive\\Documenten\\GitHub\\maaltijdenproject\\vendor\\laravel\\framework\\src\\Illuminate\\Foundation\\PackageManifest.php(78): Illuminate\\Foundation\\PackageManifest->config()
#4 C:\\Users\\kildi\\OneDrive\\Documenten\\GitHub\\maaltijdenproject\\vendor\\laravel\\framework\\src\\Illuminate\\Foundation\\Bootstrap\\RegisterFacades.php(26): Illuminate\\Foundation\\PackageManifest->aliases()
#5 C:\\Users\\kildi\\OneDrive\\Documenten\\GitHub\\maaltijdenproject\\vendor\\laravel\\framework\\src\\Illuminate\\Foundation\\Application.php(237): Illuminate\\Foundation\\Bootstrap\\RegisterFacades->bootstrap()
#6 C:\\Users\\kildi\\OneDrive\\Documenten\\GitHub\\maaltijdenproject\\vendor\\laravel\\framework\\src\\Illuminate\\Foundation\\Console\\Kernel.php(310): Illuminate\\Foundation\\Application->bootstrapWith()
#7 C:\\Users\\kildi\\OneDrive\\Documenten\\GitHub\\maaltijdenproject\\vendor\\laravel\\framework\\src\\Illuminate\\Foundation\\Console\\Kernel.php(127): Illuminate\\Foundation\\Console\\Kernel->bootstrap()
#8 C:\\Users\\kildi\\OneDrive\\Documenten\\GitHub\\maaltijdenproject\\artisan(37): Illuminate\\Foundation\\Console\\Kernel->handle()
#9 {main}
"} 
[2022-05-30 13:12:18] production.ERROR: Please provide a valid cache path. {"exception":"[object] (InvalidArgumentException(code: 0): Please provide a valid cache path. at C:\\Users\\kildi\\OneDrive\\Documenten\\GitHub\\maaltijdenproject\\vendor\\laravel\\framework\\src\\Illuminate\\View\\Compilers\\Compiler.php:36)
[stacktrace]
#0 C:\\Users\\kildi\\OneDrive\\Documenten\\GitHub\\maaltijdenproject\\vendor\\laravel\\framework\\src\\Illuminate\\View\\ViewServiceProvider.php(88): Illuminate\\View\\Compilers\\Compiler->__construct()
#1 C:\\Users\\kildi\\OneDrive\\Documenten\\GitHub\\maaltijdenproject\\vendor\\laravel\\framework\\src\\Illuminate\\Container\\Container.php(869): Illuminate\\View\\ViewServiceProvider->Illuminate\\View\\{closure}()
#2 C:\\Users\\kildi\\OneDrive\\Documenten\\GitHub\\maaltijdenproject\\vendor\\laravel\\framework\\src\\Illuminate\\Container\\Container.php(754): Illuminate\\Container\\Container->build()
#3 C:\\Users\\kildi\\OneDrive\\Documenten\\GitHub\\maaltijdenproject\\vendor\\laravel\\framework\\src\\Illuminate\\Foundation\\Application.php(841): Illuminate\\Container\\Container->resolve()
#4 C:\\Users\\kildi\\OneDrive\\Documenten\\GitHub\\maaltijdenproject\\vendor\\laravel\\framework\\src\\Illuminate\\Container\\Container.php(692): Illuminate\\Foundation\\Application->resolve()
#5 C:\\Users\\kildi\\OneDrive\\Documenten\\GitHub\\maaltijdenproject\\vendor\\laravel\\framework\\src\\Illuminate\\Foundation\\Application.php(826): Illuminate\\Container\\Container->make()
#6 C:\\Users\\kildi\\OneDrive\\Documenten\\GitHub\\maaltijdenproject\\vendor\\laravel\\framework\\src\\Illuminate\\Container\\Container.php(1418): Illuminate\\Foundation\\Application->make()
#7 C:\\Users\\kildi\\OneDrive\\Documenten\\GitHub\\maaltijdenproject\\vendor\\laravel\\framework\\src\\Illuminate\\View\\ViewServiceProvider.php(150): Illuminate\\Container\\Container->offsetGet()
#8 [internal function]: Illuminate\\View\\ViewServiceProvider->Illuminate\\View\\{closure}()
#9 C:\\Users\\kildi\\OneDrive\\Documenten\\GitHub\\maaltijdenproject\\vendor\\laravel\\framework\\src\\Illuminate\\View\\Engines\\EngineResolver.php(55): call_user_func()
#10 C:\\Users\\kildi\\OneDrive\\Documenten\\GitHub\\maaltijdenproject\\vendor\\facade\\ignition\\src\\IgnitionServiceProvider.php(435): Illuminate\\View\\Engines\\EngineResolver->resolve()
#11 C:\\Users\\kildi\\OneDrive\\Documenten\\GitHub\\maaltijdenproject\\vendor\\facade\\ignition\\src\\IgnitionServiceProvider.php(149): Facade\\Ignition\\IgnitionServiceProvider->hasCustomViewEnginesRegistered()
#12 C:\\Users\\kildi\\OneDrive\\Documenten\\GitHub\\maaltijdenproject\\vendor\\facade\\ignition\\src\\IgnitionServiceProvider.php(93): Facade\\Ignition\\IgnitionServiceProvider->registerViewEngines()
#13 C:\\Users\\kildi\\OneDrive\\Documenten\\GitHub\\maaltijdenproject\\vendor\\laravel\\framework\\src\\Illuminate\\Container\\BoundMethod.php(36): Facade\\Ignition\\IgnitionServiceProvider->boot()
#14 C:\\Users\\kildi\\OneDrive\\Documenten\\GitHub\\maaltijdenproject\\vendor\\laravel\\framework\\src\\Illuminate\\Container\\Util.php(40): Illuminate\\Container\\BoundMethod::Illuminate\\Container\\{closure}()
#15 C:\\Users\\kildi\\OneDrive\\Documenten\\GitHub\\maaltijdenproject\\vendor\\laravel\\framework\\src\\Illuminate\\Container\\BoundMethod.php(93): Illuminate\\Container\\Util::unwrapIfClosure()
#16 C:\\Users\\kildi\\OneDrive\\Documenten\\GitHub\\maaltijdenproject\\vendor\\laravel\\framework\\src\\Illuminate\\Container\\BoundMethod.php(37): Illuminate\\Container\\BoundMethod::callBoundMethod()
#17 C:\\Users\\kildi\\OneDrive\\Documenten\\GitHub\\maaltijdenproject\\vendor\\laravel\\framework\\src\\Illuminate\\Container\\Container.php(651): Illuminate\\Container\\BoundMethod::call()
#18 C:\\Users\\kildi\\OneDrive\\Documenten\\GitHub\\maaltijdenproject\\vendor\\laravel\\framework\\src\\Illuminate\\Foundation\\Application.php(914): Illuminate\\Container\\Container->call()
#19 C:\\Users\\kildi\\OneDrive\\Documenten\\GitHub\\maaltijdenproject\\vendor\\laravel\\framework\\src\\Illuminate\\Foundation\\Application.php(895): Illuminate\\Foundation\\Application->bootProvider()
#20 [internal function]: Illuminate\\Foundation\\Application->Illuminate\\Foundation\\{closure}()
#21 C:\\Users\\kildi\\OneDrive\\Documenten\\GitHub\\maaltijdenproject\\vendor\\laravel\\framework\\src\\Illuminate\\Foundation\\Application.php(896): array_walk()
#22 C:\\Users\\kildi\\OneDrive\\Documenten\\GitHub\\maaltijdenproject\\vendor\\laravel\\framework\\src\\Illuminate\\Foundation\\Bootstrap\\BootProviders.php(17): Illuminate\\Foundation\\Application->boot()
#23 C:\\Users\\kildi\\OneDrive\\Documenten\\GitHub\\maaltijdenproject\\vendor\\laravel\\framework\\src\\Illuminate\\Foundation\\Application.php(237): Illuminate\\Foundation\\Bootstrap\\BootProviders->bootstrap()
#24 C:\\Users\\kildi\\OneDrive\\Documenten\\GitHub\\maaltijdenproject\\vendor\\laravel\\framework\\src\\Illuminate\\Foundation\\Console\\Kernel.php(310): Illuminate\\Foundation\\Application->bootstrapWith()
#25 C:\\Users\\kildi\\OneDrive\\Documenten\\GitHub\\maaltijdenproject\\vendor\\laravel\\framework\\src\\Illuminate\\Foundation\\Console\\Kernel.php(127): Illuminate\\Foundation\\Console\\Kernel->bootstrap()
#26 C:\\Users\\kildi\\OneDrive\\Documenten\\GitHub\\maaltijdenproject\\artisan(37): Illuminate\\Foundation\\Console\\Kernel->handle()
#27 {main}
"} 
[2022-05-30 13:14:42] production.ERROR: Please provide a valid cache path. {"exception":"[object] (InvalidArgumentException(code: 0): Please provide a valid cache path. at C:\\Users\\kildi\\OneDrive\\Documenten\\GitHub\\maaltijdenproject\\vendor\\laravel\\framework\\src\\Illuminate\\View\\Compilers\\Compiler.php:36)
[stacktrace]
#0 C:\\Users\\kildi\\OneDrive\\Documenten\\GitHub\\maaltijdenproject\\vendor\\laravel\\framework\\src\\Illuminate\\View\\ViewServiceProvider.php(88): Illuminate\\View\\Compilers\\Compiler->__construct()
#1 C:\\Users\\kildi\\OneDrive\\Documenten\\GitHub\\maaltijdenproject\\vendor\\laravel\\framework\\src\\Illuminate\\Container\\Container.php(869): Illuminate\\View\\ViewServiceProvider->Illuminate\\View\\{closure}()
#2 C:\\Users\\kildi\\OneDrive\\Documenten\\GitHub\\maaltijdenproject\\vendor\\laravel\\framework\\src\\Illuminate\\Container\\Container.php(754): Illuminate\\Container\\Container->build()
#3 C:\\Users\\kildi\\OneDrive\\Documenten\\GitHub\\maaltijdenproject\\vendor\\laravel\\framework\\src\\Illuminate\\Foundation\\Application.php(841): Illuminate\\Container\\Container->resolve()
#4 C:\\Users\\kildi\\OneDrive\\Documenten\\GitHub\\maaltijdenproject\\vendor\\laravel\\framework\\src\\Illuminate\\Container\\Container.php(692): Illuminate\\Foundation\\Application->resolve()
#5 C:\\Users\\kildi\\OneDrive\\Documenten\\GitHub\\maaltijdenproject\\vendor\\laravel\\framework\\src\\Illuminate\\Foundation\\Application.php(826): Illuminate\\Container\\Container->make()
#6 C:\\Users\\kildi\\OneDrive\\Documenten\\GitHub\\maaltijdenproject\\vendor\\laravel\\framework\\src\\Illuminate\\Container\\Container.php(1418): Illuminate\\Foundation\\Application->make()
#7 C:\\Users\\kildi\\OneDrive\\Documenten\\GitHub\\maaltijdenproject\\vendor\\laravel\\framework\\src\\Illuminate\\View\\ViewServiceProvider.php(150): Illuminate\\Container\\Container->offsetGet()
#8 [internal function]: Illuminate\\View\\ViewServiceProvider->Illuminate\\View\\{closure}()
#9 C:\\Users\\kildi\\OneDrive\\Documenten\\GitHub\\maaltijdenproject\\vendor\\laravel\\framework\\src\\Illuminate\\View\\Engines\\EngineResolver.php(55): call_user_func()
#10 C:\\Users\\kildi\\OneDrive\\Documenten\\GitHub\\maaltijdenproject\\vendor\\facade\\ignition\\src\\IgnitionServiceProvider.php(435): Illuminate\\View\\Engines\\EngineResolver->resolve()
#11 C:\\Users\\kildi\\OneDrive\\Documenten\\GitHub\\maaltijdenproject\\vendor\\facade\\ignition\\src\\IgnitionServiceProvider.php(149): Facade\\Ignition\\IgnitionServiceProvider->hasCustomViewEnginesRegistered()
#12 C:\\Users\\kildi\\OneDrive\\Documenten\\GitHub\\maaltijdenproject\\vendor\\facade\\ignition\\src\\IgnitionServiceProvider.php(93): Facade\\Ignition\\IgnitionServiceProvider->registerViewEngines()
#13 C:\\Users\\kildi\\OneDrive\\Documenten\\GitHub\\maaltijdenproject\\vendor\\laravel\\framework\\src\\Illuminate\\Container\\BoundMethod.php(36): Facade\\Ignition\\IgnitionServiceProvider->boot()
#14 C:\\Users\\kildi\\OneDrive\\Documenten\\GitHub\\maaltijdenproject\\vendor\\laravel\\framework\\src\\Illuminate\\Container\\Util.php(40): Illuminate\\Container\\BoundMethod::Illuminate\\Container\\{closure}()
#15 C:\\Users\\kildi\\OneDrive\\Documenten\\GitHub\\maaltijdenproject\\vendor\\laravel\\framework\\src\\Illuminate\\Container\\BoundMethod.php(93): Illuminate\\Container\\Util::unwrapIfClosure()
#16 C:\\Users\\kildi\\OneDrive\\Documenten\\GitHub\\maaltijdenproject\\vendor\\laravel\\framework\\src\\Illuminate\\Container\\BoundMethod.php(37): Illuminate\\Container\\BoundMethod::callBoundMethod()
#17 C:\\Users\\kildi\\OneDrive\\Documenten\\GitHub\\maaltijdenproject\\vendor\\laravel\\framework\\src\\Illuminate\\Container\\Container.php(651): Illuminate\\Container\\BoundMethod::call()
#18 C:\\Users\\kildi\\OneDrive\\Documenten\\GitHub\\maaltijdenproject\\vendor\\laravel\\framework\\src\\Illuminate\\Foundation\\Application.php(914): Illuminate\\Container\\Container->call()
#19 C:\\Users\\kildi\\OneDrive\\Documenten\\GitHub\\maaltijdenproject\\vendor\\laravel\\framework\\src\\Illuminate\\Foundation\\Application.php(895): Illuminate\\Foundation\\Application->bootProvider()
#20 [internal function]: Illuminate\\Foundation\\Application->Illuminate\\Foundation\\{closure}()
#21 C:\\Users\\kildi\\OneDrive\\Documenten\\GitHub\\maaltijdenproject\\vendor\\laravel\\framework\\src\\Illuminate\\Foundation\\Application.php(896): array_walk()
#22 C:\\Users\\kildi\\OneDrive\\Documenten\\GitHub\\maaltijdenproject\\vendor\\laravel\\framework\\src\\Illuminate\\Foundation\\Bootstrap\\BootProviders.php(17): Illuminate\\Foundation\\Application->boot()
#23 C:\\Users\\kildi\\OneDrive\\Documenten\\GitHub\\maaltijdenproject\\vendor\\laravel\\framework\\src\\Illuminate\\Foundation\\Application.php(237): Illuminate\\Foundation\\Bootstrap\\BootProviders->bootstrap()
#24 C:\\Users\\kildi\\OneDrive\\Documenten\\GitHub\\maaltijdenproject\\vendor\\laravel\\framework\\src\\Illuminate\\Foundation\\Console\\Kernel.php(310): Illuminate\\Foundation\\Application->bootstrapWith()
#25 C:\\Users\\kildi\\OneDrive\\Documenten\\GitHub\\maaltijdenproject\\vendor\\laravel\\framework\\src\\Illuminate\\Foundation\\Console\\Kernel.php(127): Illuminate\\Foundation\\Console\\Kernel->bootstrap()
#26 C:\\Users\\kildi\\OneDrive\\Documenten\\GitHub\\maaltijdenproject\\artisan(37): Illuminate\\Foundation\\Console\\Kernel->handle()
#27 {main}
"} 
[2022-05-30 13:16:47] production.ERROR: Please provide a valid cache path. {"exception":"[object] (InvalidArgumentException(code: 0): Please provide a valid cache path. at C:\\Users\\kildi\\OneDrive\\Documenten\\GitHub\\maaltijdenproject\\vendor\\laravel\\framework\\src\\Illuminate\\View\\Compilers\\Compiler.php:36)
[stacktrace]
#0 C:\\Users\\kildi\\OneDrive\\Documenten\\GitHub\\maaltijdenproject\\vendor\\laravel\\framework\\src\\Illuminate\\View\\ViewServiceProvider.php(88): Illuminate\\View\\Compilers\\Compiler->__construct()
#1 C:\\Users\\kildi\\OneDrive\\Documenten\\GitHub\\maaltijdenproject\\vendor\\laravel\\framework\\src\\Illuminate\\Container\\Container.php(869): Illuminate\\View\\ViewServiceProvider->Illuminate\\View\\{closure}()
#2 C:\\Users\\kildi\\OneDrive\\Documenten\\GitHub\\maaltijdenproject\\vendor\\laravel\\framework\\src\\Illuminate\\Container\\Container.php(754): Illuminate\\Container\\Container->build()
#3 C:\\Users\\kildi\\OneDrive\\Documenten\\GitHub\\maaltijdenproject\\vendor\\laravel\\framework\\src\\Illuminate\\Foundation\\Application.php(841): Illuminate\\Container\\Container->resolve()
#4 C:\\Users\\kildi\\OneDrive\\Documenten\\GitHub\\maaltijdenproject\\vendor\\laravel\\framework\\src\\Illuminate\\Container\\Container.php(692): Illuminate\\Foundation\\Application->resolve()
#5 C:\\Users\\kildi\\OneDrive\\Documenten\\GitHub\\maaltijdenproject\\vendor\\laravel\\framework\\src\\Illuminate\\Foundation\\Application.php(826): Illuminate\\Container\\Container->make()
#6 C:\\Users\\kildi\\OneDrive\\Documenten\\GitHub\\maaltijdenproject\\vendor\\laravel\\framework\\src\\Illuminate\\Container\\Container.php(1418): Illuminate\\Foundation\\Application->make()
#7 C:\\Users\\kildi\\OneDrive\\Documenten\\GitHub\\maaltijdenproject\\vendor\\laravel\\framework\\src\\Illuminate\\View\\ViewServiceProvider.php(150): Illuminate\\Container\\Container->offsetGet()
#8 [internal function]: Illuminate\\View\\ViewServiceProvider->Illuminate\\View\\{closure}()
#9 C:\\Users\\kildi\\OneDrive\\Documenten\\GitHub\\maaltijdenproject\\vendor\\laravel\\framework\\src\\Illuminate\\View\\Engines\\EngineResolver.php(55): call_user_func()
#10 C:\\Users\\kildi\\OneDrive\\Documenten\\GitHub\\maaltijdenproject\\vendor\\facade\\ignition\\src\\IgnitionServiceProvider.php(435): Illuminate\\View\\Engines\\EngineResolver->resolve()
#11 C:\\Users\\kildi\\OneDrive\\Documenten\\GitHub\\maaltijdenproject\\vendor\\facade\\ignition\\src\\IgnitionServiceProvider.php(149): Facade\\Ignition\\IgnitionServiceProvider->hasCustomViewEnginesRegistered()
#12 C:\\Users\\kildi\\OneDrive\\Documenten\\GitHub\\maaltijdenproject\\vendor\\facade\\ignition\\src\\IgnitionServiceProvider.php(93): Facade\\Ignition\\IgnitionServiceProvider->registerViewEngines()
#13 C:\\Users\\kildi\\OneDrive\\Documenten\\GitHub\\maaltijdenproject\\vendor\\laravel\\framework\\src\\Illuminate\\Container\\BoundMethod.php(36): Facade\\Ignition\\IgnitionServiceProvider->boot()
#14 C:\\Users\\kildi\\OneDrive\\Documenten\\GitHub\\maaltijdenproject\\vendor\\laravel\\framework\\src\\Illuminate\\Container\\Util.php(40): Illuminate\\Container\\BoundMethod::Illuminate\\Container\\{closure}()
#15 C:\\Users\\kildi\\OneDrive\\Documenten\\GitHub\\maaltijdenproject\\vendor\\laravel\\framework\\src\\Illuminate\\Container\\BoundMethod.php(93): Illuminate\\Container\\Util::unwrapIfClosure()
#16 C:\\Users\\kildi\\OneDrive\\Documenten\\GitHub\\maaltijdenproject\\vendor\\laravel\\framework\\src\\Illuminate\\Container\\BoundMethod.php(37): Illuminate\\Container\\BoundMethod::callBoundMethod()
#17 C:\\Users\\kildi\\OneDrive\\Documenten\\GitHub\\maaltijdenproject\\vendor\\laravel\\framework\\src\\Illuminate\\Container\\Container.php(651): Illuminate\\Container\\BoundMethod::call()
#18 C:\\Users\\kildi\\OneDrive\\Documenten\\GitHub\\maaltijdenproject\\vendor\\laravel\\framework\\src\\Illuminate\\Foundation\\Application.php(914): Illuminate\\Container\\Container->call()
#19 C:\\Users\\kildi\\OneDrive\\Documenten\\GitHub\\maaltijdenproject\\vendor\\laravel\\framework\\src\\Illuminate\\Foundation\\Application.php(895): Illuminate\\Foundation\\Application->bootProvider()
#20 [internal function]: Illuminate\\Foundation\\Application->Illuminate\\Foundation\\{closure}()
#21 C:\\Users\\kildi\\OneDrive\\Documenten\\GitHub\\maaltijdenproject\\vendor\\laravel\\framework\\src\\Illuminate\\Foundation\\Application.php(896): array_walk()
#22 C:\\Users\\kildi\\OneDrive\\Documenten\\GitHub\\maaltijdenproject\\vendor\\laravel\\framework\\src\\Illuminate\\Foundation\\Bootstrap\\BootProviders.php(17): Illuminate\\Foundation\\Application->boot()
#23 C:\\Users\\kildi\\OneDrive\\Documenten\\GitHub\\maaltijdenproject\\vendor\\laravel\\framework\\src\\Illuminate\\Foundation\\Application.php(237): Illuminate\\Foundation\\Bootstrap\\BootProviders->bootstrap()
#24 C:\\Users\\kildi\\OneDrive\\Documenten\\GitHub\\maaltijdenproject\\vendor\\laravel\\framework\\src\\Illuminate\\Foundation\\Console\\Kernel.php(310): Illuminate\\Foundation\\Application->bootstrapWith()
#25 C:\\Users\\kildi\\OneDrive\\Documenten\\GitHub\\maaltijdenproject\\vendor\\laravel\\framework\\src\\Illuminate\\Foundation\\Console\\Kernel.php(127): Illuminate\\Foundation\\Console\\Kernel->bootstrap()
#26 C:\\Users\\kildi\\OneDrive\\Documenten\\GitHub\\maaltijdenproject\\artisan(37): Illuminate\\Foundation\\Console\\Kernel->handle()
#27 {main}
"} 
[2022-05-30 13:18:08] production.ERROR: Please provide a valid cache path. {"exception":"[object] (InvalidArgumentException(code: 0): Please provide a valid cache path. at C:\\Users\\kildi\\OneDrive\\Documenten\\GitHub\\maaltijdenproject\\vendor\\laravel\\framework\\src\\Illuminate\\View\\Compilers\\Compiler.php:36)
[stacktrace]
#0 C:\\Users\\kildi\\OneDrive\\Documenten\\GitHub\\maaltijdenproject\\vendor\\laravel\\framework\\src\\Illuminate\\View\\ViewServiceProvider.php(88): Illuminate\\View\\Compilers\\Compiler->__construct()
#1 C:\\Users\\kildi\\OneDrive\\Documenten\\GitHub\\maaltijdenproject\\vendor\\laravel\\framework\\src\\Illuminate\\Container\\Container.php(869): Illuminate\\View\\ViewServiceProvider->Illuminate\\View\\{closure}()
#2 C:\\Users\\kildi\\OneDrive\\Documenten\\GitHub\\maaltijdenproject\\vendor\\laravel\\framework\\src\\Illuminate\\Container\\Container.php(754): Illuminate\\Container\\Container->build()
#3 C:\\Users\\kildi\\OneDrive\\Documenten\\GitHub\\maaltijdenproject\\vendor\\laravel\\framework\\src\\Illuminate\\Foundation\\Application.php(841): Illuminate\\Container\\Container->resolve()
#4 C:\\Users\\kildi\\OneDrive\\Documenten\\GitHub\\maaltijdenproject\\vendor\\laravel\\framework\\src\\Illuminate\\Container\\Container.php(692): Illuminate\\Foundation\\Application->resolve()
#5 C:\\Users\\kildi\\OneDrive\\Documenten\\GitHub\\maaltijdenproject\\vendor\\laravel\\framework\\src\\Illuminate\\Foundation\\Application.php(826): Illuminate\\Container\\Container->make()
#6 C:\\Users\\kildi\\OneDrive\\Documenten\\GitHub\\maaltijdenproject\\vendor\\laravel\\framework\\src\\Illuminate\\Container\\Container.php(1418): Illuminate\\Foundation\\Application->make()
#7 C:\\Users\\kildi\\OneDrive\\Documenten\\GitHub\\maaltijdenproject\\vendor\\laravel\\framework\\src\\Illuminate\\View\\ViewServiceProvider.php(150): Illuminate\\Container\\Container->offsetGet()
#8 [internal function]: Illuminate\\View\\ViewServiceProvider->Illuminate\\View\\{closure}()
#9 C:\\Users\\kildi\\OneDrive\\Documenten\\GitHub\\maaltijdenproject\\vendor\\laravel\\framework\\src\\Illuminate\\View\\Engines\\EngineResolver.php(55): call_user_func()
#10 C:\\Users\\kildi\\OneDrive\\Documenten\\GitHub\\maaltijdenproject\\vendor\\facade\\ignition\\src\\IgnitionServiceProvider.php(435): Illuminate\\View\\Engines\\EngineResolver->resolve()
#11 C:\\Users\\kildi\\OneDrive\\Documenten\\GitHub\\maaltijdenproject\\vendor\\facade\\ignition\\src\\IgnitionServiceProvider.php(149): Facade\\Ignition\\IgnitionServiceProvider->hasCustomViewEnginesRegistered()
#12 C:\\Users\\kildi\\OneDrive\\Documenten\\GitHub\\maaltijdenproject\\vendor\\facade\\ignition\\src\\IgnitionServiceProvider.php(93): Facade\\Ignition\\IgnitionServiceProvider->registerViewEngines()
#13 C:\\Users\\kildi\\OneDrive\\Documenten\\GitHub\\maaltijdenproject\\vendor\\laravel\\framework\\src\\Illuminate\\Container\\BoundMethod.php(36): Facade\\Ignition\\IgnitionServiceProvider->boot()
#14 C:\\Users\\kildi\\OneDrive\\Documenten\\GitHub\\maaltijdenproject\\vendor\\laravel\\framework\\src\\Illuminate\\Container\\Util.php(40): Illuminate\\Container\\BoundMethod::Illuminate\\Container\\{closure}()
#15 C:\\Users\\kildi\\OneDrive\\Documenten\\GitHub\\maaltijdenproject\\vendor\\laravel\\framework\\src\\Illuminate\\Container\\BoundMethod.php(93): Illuminate\\Container\\Util::unwrapIfClosure()
#16 C:\\Users\\kildi\\OneDrive\\Documenten\\GitHub\\maaltijdenproject\\vendor\\laravel\\framework\\src\\Illuminate\\Container\\BoundMethod.php(37): Illuminate\\Container\\BoundMethod::callBoundMethod()
#17 C:\\Users\\kildi\\OneDrive\\Documenten\\GitHub\\maaltijdenproject\\vendor\\laravel\\framework\\src\\Illuminate\\Container\\Container.php(651): Illuminate\\Container\\BoundMethod::call()
#18 C:\\Users\\kildi\\OneDrive\\Documenten\\GitHub\\maaltijdenproject\\vendor\\laravel\\framework\\src\\Illuminate\\Foundation\\Application.php(914): Illuminate\\Container\\Container->call()
#19 C:\\Users\\kildi\\OneDrive\\Documenten\\GitHub\\maaltijdenproject\\vendor\\laravel\\framework\\src\\Illuminate\\Foundation\\Application.php(895): Illuminate\\Foundation\\Application->bootProvider()
#20 [internal function]: Illuminate\\Foundation\\Application->Illuminate\\Foundation\\{closure}()
#21 C:\\Users\\kildi\\OneDrive\\Documenten\\GitHub\\maaltijdenproject\\vendor\\laravel\\framework\\src\\Illuminate\\Foundation\\Application.php(896): array_walk()
#22 C:\\Users\\kildi\\OneDrive\\Documenten\\GitHub\\maaltijdenproject\\vendor\\laravel\\framework\\src\\Illuminate\\Foundation\\Bootstrap\\BootProviders.php(17): Illuminate\\Foundation\\Application->boot()
#23 C:\\Users\\kildi\\OneDrive\\Documenten\\GitHub\\maaltijdenproject\\vendor\\laravel\\framework\\src\\Illuminate\\Foundation\\Application.php(237): Illuminate\\Foundation\\Bootstrap\\BootProviders->bootstrap()
#24 C:\\Users\\kildi\\OneDrive\\Documenten\\GitHub\\maaltijdenproject\\vendor\\laravel\\framework\\src\\Illuminate\\Foundation\\Console\\Kernel.php(310): Illuminate\\Foundation\\Application->bootstrapWith()
#25 C:\\Users\\kildi\\OneDrive\\Documenten\\GitHub\\maaltijdenproject\\vendor\\laravel\\framework\\src\\Illuminate\\Foundation\\Console\\Kernel.php(127): Illuminate\\Foundation\\Console\\Kernel->bootstrap()
#26 C:\\Users\\kildi\\OneDrive\\Documenten\\GitHub\\maaltijdenproject\\artisan(37): Illuminate\\Foundation\\Console\\Kernel->handle()
#27 {main}
"} 
[2022-05-30 13:23:17] production.ERROR: file_get_contents(C:\Users\kildi\OneDrive\Documenten\GitHub\maaltijdenproject\.env): failed to open stream: No such file or directory {"exception":"[object] (ErrorException(code: 0): file_get_contents(C:\\Users\\kildi\\OneDrive\\Documenten\\GitHub\\maaltijdenproject\\.env): failed to open stream: No such file or directory at C:\\Users\\kildi\\OneDrive\\Documenten\\GitHub\\maaltijdenproject\\vendor\\laravel\\framework\\src\\Illuminate\\Foundation\\Console\\KeyGenerateCommand.php:96)
[stacktrace]
#0 [internal function]: Illuminate\\Foundation\\Bootstrap\\HandleExceptions->handleError()
#1 C:\\Users\\kildi\\OneDrive\\Documenten\\GitHub\\maaltijdenproject\\vendor\\laravel\\framework\\src\\Illuminate\\Foundation\\Console\\KeyGenerateCommand.php(96): file_get_contents()
#2 C:\\Users\\kildi\\OneDrive\\Documenten\\GitHub\\maaltijdenproject\\vendor\\laravel\\framework\\src\\Illuminate\\Foundation\\Console\\KeyGenerateCommand.php(80): Illuminate\\Foundation\\Console\\KeyGenerateCommand->writeNewEnvironmentFileWith()
#3 C:\\Users\\kildi\\OneDrive\\Documenten\\GitHub\\maaltijdenproject\\vendor\\laravel\\framework\\src\\Illuminate\\Foundation\\Console\\KeyGenerateCommand.php(45): Illuminate\\Foundation\\Console\\KeyGenerateCommand->setKeyInEnvironmentFile()
#4 C:\\Users\\kildi\\OneDrive\\Documenten\\GitHub\\maaltijdenproject\\vendor\\laravel\\framework\\src\\Illuminate\\Container\\BoundMethod.php(36): Illuminate\\Foundation\\Console\\KeyGenerateCommand->handle()
#5 C:\\Users\\kildi\\OneDrive\\Documenten\\GitHub\\maaltijdenproject\\vendor\\laravel\\framework\\src\\Illuminate\\Container\\Util.php(40): Illuminate\\Container\\BoundMethod::Illuminate\\Container\\{closure}()
#6 C:\\Users\\kildi\\OneDrive\\Documenten\\GitHub\\maaltijdenproject\\vendor\\laravel\\framework\\src\\Illuminate\\Container\\BoundMethod.php(93): Illuminate\\Container\\Util::unwrapIfClosure()
#7 C:\\Users\\kildi\\OneDrive\\Documenten\\GitHub\\maaltijdenproject\\vendor\\laravel\\framework\\src\\Illuminate\\Container\\BoundMethod.php(37): Illuminate\\Container\\BoundMethod::callBoundMethod()
#8 C:\\Users\\kildi\\OneDrive\\Documenten\\GitHub\\maaltijdenproject\\vendor\\laravel\\framework\\src\\Illuminate\\Container\\Container.php(651): Illuminate\\Container\\BoundMethod::call()
#9 C:\\Users\\kildi\\OneDrive\\Documenten\\GitHub\\maaltijdenproject\\vendor\\laravel\\framework\\src\\Illuminate\\Console\\Command.php(136): Illuminate\\Container\\Container->call()
#10 C:\\Users\\kildi\\OneDrive\\Documenten\\GitHub\\maaltijdenproject\\vendor\\symfony\\console\\Command\\Command.php(299): Illuminate\\Console\\Command->execute()
#11 C:\\Users\\kildi\\OneDrive\\Documenten\\GitHub\\maaltijdenproject\\vendor\\laravel\\framework\\src\\Illuminate\\Console\\Command.php(121): Symfony\\Component\\Console\\Command\\Command->run()
#12 C:\\Users\\kildi\\OneDrive\\Documenten\\GitHub\\maaltijdenproject\\vendor\\symfony\\console\\Application.php(978): Illuminate\\Console\\Command->run()
#13 C:\\Users\\kildi\\OneDrive\\Documenten\\GitHub\\maaltijdenproject\\vendor\\symfony\\console\\Application.php(295): Symfony\\Component\\Console\\Application->doRunCommand()
#14 C:\\Users\\kildi\\OneDrive\\Documenten\\GitHub\\maaltijdenproject\\vendor\\symfony\\console\\Application.php(167): Symfony\\Component\\Console\\Application->doRun()
#15 C:\\Users\\kildi\\OneDrive\\Documenten\\GitHub\\maaltijdenproject\\vendor\\laravel\\framework\\src\\Illuminate\\Console\\Application.php(92): Symfony\\Component\\Console\\Application->run()
#16 C:\\Users\\kildi\\OneDrive\\Documenten\\GitHub\\maaltijdenproject\\vendor\\laravel\\framework\\src\\Illuminate\\Foundation\\Console\\Kernel.php(129): Illuminate\\Console\\Application->run()
#17 C:\\Users\\kildi\\OneDrive\\Documenten\\GitHub\\maaltijdenproject\\artisan(37): Illuminate\\Foundation\\Console\\Kernel->handle()
#18 {main}
"} 
[2022-05-30 13:31:06] production.ERROR: No application encryption key has been specified. {"exception":"[object] (Illuminate\\Encryption\\MissingAppKeyException(code: 0): No application encryption key has been specified. at C:\\Users\\kildi\\OneDrive\\Documenten\\GitHub\\maaltijdenproject\\vendor\\laravel\\framework\\src\\Illuminate\\Encryption\\EncryptionServiceProvider.php:79)
[stacktrace]
#0 C:\\Users\\kildi\\OneDrive\\Documenten\\GitHub\\maaltijdenproject\\vendor\\laravel\\framework\\src\\Illuminate\\Support\\helpers.php(263): Illuminate\\Encryption\\EncryptionServiceProvider->Illuminate\\Encryption\\{closure}()
#1 C:\\Users\\kildi\\OneDrive\\Documenten\\GitHub\\maaltijdenproject\\vendor\\laravel\\framework\\src\\Illuminate\\Encryption\\EncryptionServiceProvider.php(81): tap()
#2 C:\\Users\\kildi\\OneDrive\\Documenten\\GitHub\\maaltijdenproject\\vendor\\laravel\\framework\\src\\Illuminate\\Encryption\\EncryptionServiceProvider.php(60): Illuminate\\Encryption\\EncryptionServiceProvider->key()
#3 C:\\Users\\kildi\\OneDrive\\Documenten\\GitHub\\maaltijdenproject\\vendor\\laravel\\framework\\src\\Illuminate\\Encryption\\EncryptionServiceProvider.php(32): Illuminate\\Encryption\\EncryptionServiceProvider->parseKey()
#4 C:\\Users\\kildi\\OneDrive\\Documenten\\GitHub\\maaltijdenproject\\vendor\\laravel\\framework\\src\\Illuminate\\Container\\Container.php(869): Illuminate\\Encryption\\EncryptionServiceProvider->Illuminate\\Encryption\\{closure}()
#5 C:\\Users\\kildi\\OneDrive\\Documenten\\GitHub\\maaltijdenproject\\vendor\\laravel\\framework\\src\\Illuminate\\Container\\Container.php(754): Illuminate\\Container\\Container->build()
#6 C:\\Users\\kildi\\OneDrive\\Documenten\\GitHub\\maaltijdenproject\\vendor\\laravel\\framework\\src\\Illuminate\\Foundation\\Application.php(841): Illuminate\\Container\\Container->resolve()
#7 C:\\Users\\kildi\\OneDrive\\Documenten\\GitHub\\maaltijdenproject\\vendor\\laravel\\framework\\src\\Illuminate\\Container\\Container.php(692): Illuminate\\Foundation\\Application->resolve()
#8 C:\\Users\\kildi\\OneDrive\\Documenten\\GitHub\\maaltijdenproject\\vendor\\laravel\\framework\\src\\Illuminate\\Foundation\\Application.php(826): Illuminate\\Container\\Container->make()
#9 C:\\Users\\kildi\\OneDrive\\Documenten\\GitHub\\maaltijdenproject\\vendor\\laravel\\framework\\src\\Illuminate\\Container\\Container.php(1027): Illuminate\\Foundation\\Application->make()
#10 C:\\Users\\kildi\\OneDrive\\Documenten\\GitHub\\maaltijdenproject\\vendor\\laravel\\framework\\src\\Illuminate\\Container\\Container.php(947): Illuminate\\Container\\Container->resolveClass()
#11 C:\\Users\\kildi\\OneDrive\\Documenten\\GitHub\\maaltijdenproject\\vendor\\laravel\\framework\\src\\Illuminate\\Container\\Container.php(908): Illuminate\\Container\\Container->resolveDependencies()
#12 C:\\Users\\kildi\\OneDrive\\Documenten\\GitHub\\maaltijdenproject\\vendor\\laravel\\framework\\src\\Illuminate\\Container\\Container.php(754): Illuminate\\Container\\Container->build()
#13 C:\\Users\\kildi\\OneDrive\\Documenten\\GitHub\\maaltijdenproject\\vendor\\laravel\\framework\\src\\Illuminate\\Foundation\\Application.php(841): Illuminate\\Container\\Container->resolve()
#14 C:\\Users\\kildi\\OneDrive\\Documenten\\GitHub\\maaltijdenproject\\vendor\\laravel\\framework\\src\\Illuminate\\Container\\Container.php(692): Illuminate\\Foundation\\Application->resolve()
#15 C:\\Users\\kildi\\OneDrive\\Documenten\\GitHub\\maaltijdenproject\\vendor\\laravel\\framework\\src\\Illuminate\\Foundation\\Application.php(826): Illuminate\\Container\\Container->make()
#16 C:\\Users\\kildi\\OneDrive\\Documenten\\GitHub\\maaltijdenproject\\vendor\\laravel\\framework\\src\\Illuminate\\Pipeline\\Pipeline.php(156): Illuminate\\Foundation\\Application->make()
#17 C:\\Users\\kildi\\OneDrive\\Documenten\\GitHub\\maaltijdenproject\\vendor\\laravel\\framework\\src\\Illuminate\\Pipeline\\Pipeline.php(103): Illuminate\\Pipeline\\Pipeline->Illuminate\\Pipeline\\{closure}()
#18 C:\\Users\\kildi\\OneDrive\\Documenten\\GitHub\\maaltijdenproject\\vendor\\laravel\\framework\\src\\Illuminate\\Routing\\Router.php(697): Illuminate\\Pipeline\\Pipeline->then()
#19 C:\\Users\\kildi\\OneDrive\\Documenten\\GitHub\\maaltijdenproject\\vendor\\laravel\\framework\\src\\Illuminate\\Routing\\Router.php(672): Illuminate\\Routing\\Router->runRouteWithinStack()
#20 C:\\Users\\kildi\\OneDrive\\Documenten\\GitHub\\maaltijdenproject\\vendor\\laravel\\framework\\src\\Illuminate\\Routing\\Router.php(636): Illuminate\\Routing\\Router->runRoute()
#21 C:\\Users\\kildi\\OneDrive\\Documenten\\GitHub\\maaltijdenproject\\vendor\\laravel\\framework\\src\\Illuminate\\Routing\\Router.php(625): Illuminate\\Routing\\Router->dispatchToRoute()
#22 C:\\Users\\kildi\\OneDrive\\Documenten\\GitHub\\maaltijdenproject\\vendor\\laravel\\framework\\src\\Illuminate\\Foundation\\Http\\Kernel.php(166): Illuminate\\Routing\\Router->dispatch()
#23 C:\\Users\\kildi\\OneDrive\\Documenten\\GitHub\\maaltijdenproject\\vendor\\laravel\\framework\\src\\Illuminate\\Pipeline\\Pipeline.php(128): Illuminate\\Foundation\\Http\\Kernel->Illuminate\\Foundation\\Http\\{closure}()
#24 C:\\Users\\kildi\\OneDrive\\Documenten\\GitHub\\maaltijdenproject\\vendor\\laravel\\framework\\src\\Illuminate\\Foundation\\Http\\Middleware\\TransformsRequest.php(21): Illuminate\\Pipeline\\Pipeline->Illuminate\\Pipeline\\{closure}()
#25 C:\\Users\\kildi\\OneDrive\\Documenten\\GitHub\\maaltijdenproject\\vendor\\laravel\\framework\\src\\Illuminate\\Foundation\\Http\\Middleware\\ConvertEmptyStringsToNull.php(31): Illuminate\\Foundation\\Http\\Middleware\\TransformsRequest->handle()
#26 C:\\Users\\kildi\\OneDrive\\Documenten\\GitHub\\maaltijdenproject\\vendor\\laravel\\framework\\src\\Illuminate\\Pipeline\\Pipeline.php(167): Illuminate\\Foundation\\Http\\Middleware\\ConvertEmptyStringsToNull->handle()
#27 C:\\Users\\kildi\\OneDrive\\Documenten\\GitHub\\maaltijdenproject\\vendor\\laravel\\framework\\src\\Illuminate\\Foundation\\Http\\Middleware\\TransformsRequest.php(21): Illuminate\\Pipeline\\Pipeline->Illuminate\\Pipeline\\{closure}()
#28 C:\\Users\\kildi\\OneDrive\\Documenten\\GitHub\\maaltijdenproject\\vendor\\laravel\\framework\\src\\Illuminate\\Foundation\\Http\\Middleware\\TrimStrings.php(40): Illuminate\\Foundation\\Http\\Middleware\\TransformsRequest->handle()
#29 C:\\Users\\kildi\\OneDrive\\Documenten\\GitHub\\maaltijdenproject\\vendor\\laravel\\framework\\src\\Illuminate\\Pipeline\\Pipeline.php(167): Illuminate\\Foundation\\Http\\Middleware\\TrimStrings->handle()
#30 C:\\Users\\kildi\\OneDrive\\Documenten\\GitHub\\maaltijdenproject\\vendor\\laravel\\framework\\src\\Illuminate\\Foundation\\Http\\Middleware\\ValidatePostSize.php(27): Illuminate\\Pipeline\\Pipeline->Illuminate\\Pipeline\\{closure}()
#31 C:\\Users\\kildi\\OneDrive\\Documenten\\GitHub\\maaltijdenproject\\vendor\\laravel\\framework\\src\\Illuminate\\Pipeline\\Pipeline.php(167): Illuminate\\Foundation\\Http\\Middleware\\ValidatePostSize->handle()
#32 C:\\Users\\kildi\\OneDrive\\Documenten\\GitHub\\maaltijdenproject\\vendor\\laravel\\framework\\src\\Illuminate\\Foundation\\Http\\Middleware\\PreventRequestsDuringMaintenance.php(86): Illuminate\\Pipeline\\Pipeline->Illuminate\\Pipeline\\{closure}()
#33 C:\\Users\\kildi\\OneDrive\\Documenten\\GitHub\\maaltijdenproject\\vendor\\laravel\\framework\\src\\Illuminate\\Pipeline\\Pipeline.php(167): Illuminate\\Foundation\\Http\\Middleware\\PreventRequestsDuringMaintenance->handle()
#34 C:\\Users\\kildi\\OneDrive\\Documenten\\GitHub\\maaltijdenproject\\vendor\\fruitcake\\laravel-cors\\src\\HandleCors.php(38): Illuminate\\Pipeline\\Pipeline->Illuminate\\Pipeline\\{closure}()
#35 C:\\Users\\kildi\\OneDrive\\Documenten\\GitHub\\maaltijdenproject\\vendor\\laravel\\framework\\src\\Illuminate\\Pipeline\\Pipeline.php(167): Fruitcake\\Cors\\HandleCors->handle()
#36 C:\\Users\\kildi\\OneDrive\\Documenten\\GitHub\\maaltijdenproject\\vendor\\fideloper\\proxy\\src\\TrustProxies.php(57): Illuminate\\Pipeline\\Pipeline->Illuminate\\Pipeline\\{closure}()
#37 C:\\Users\\kildi\\OneDrive\\Documenten\\GitHub\\maaltijdenproject\\vendor\\laravel\\framework\\src\\Illuminate\\Pipeline\\Pipeline.php(167): Fideloper\\Proxy\\TrustProxies->handle()
#38 C:\\Users\\kildi\\OneDrive\\Documenten\\GitHub\\maaltijdenproject\\vendor\\laravel\\framework\\src\\Illuminate\\Pipeline\\Pipeline.php(103): Illuminate\\Pipeline\\Pipeline->Illuminate\\Pipeline\\{closure}()
#39 C:\\Users\\kildi\\OneDrive\\Documenten\\GitHub\\maaltijdenproject\\vendor\\laravel\\framework\\src\\Illuminate\\Foundation\\Http\\Kernel.php(141): Illuminate\\Pipeline\\Pipeline->then()
#40 C:\\Users\\kildi\\OneDrive\\Documenten\\GitHub\\maaltijdenproject\\vendor\\laravel\\framework\\src\\Illuminate\\Foundation\\Http\\Kernel.php(110): Illuminate\\Foundation\\Http\\Kernel->sendRequestThroughRouter()
#41 C:\\Users\\kildi\\OneDrive\\Documenten\\GitHub\\maaltijdenproject\\public\\index.php(52): Illuminate\\Foundation\\Http\\Kernel->handle()
#42 C:\\Users\\kildi\\OneDrive\\Documenten\\GitHub\\maaltijdenproject\\server.php(21): require_once('C:\\\\Users\\\\kildi\\\\...')
#43 {main}
"} 
[2022-05-30 13:31:07] production.ERROR: No application encryption key has been specified. {"exception":"[object] (Illuminate\\Encryption\\MissingAppKeyException(code: 0): No application encryption key has been specified. at C:\\Users\\kildi\\OneDrive\\Documenten\\GitHub\\maaltijdenproject\\vendor\\laravel\\framework\\src\\Illuminate\\Encryption\\EncryptionServiceProvider.php:79)
[stacktrace]
#0 C:\\Users\\kildi\\OneDrive\\Documenten\\GitHub\\maaltijdenproject\\vendor\\laravel\\framework\\src\\Illuminate\\Support\\helpers.php(263): Illuminate\\Encryption\\EncryptionServiceProvider->Illuminate\\Encryption\\{closure}()
#1 C:\\Users\\kildi\\OneDrive\\Documenten\\GitHub\\maaltijdenproject\\vendor\\laravel\\framework\\src\\Illuminate\\Encryption\\EncryptionServiceProvider.php(81): tap()
#2 C:\\Users\\kildi\\OneDrive\\Documenten\\GitHub\\maaltijdenproject\\vendor\\laravel\\framework\\src\\Illuminate\\Encryption\\EncryptionServiceProvider.php(60): Illuminate\\Encryption\\EncryptionServiceProvider->key()
#3 C:\\Users\\kildi\\OneDrive\\Documenten\\GitHub\\maaltijdenproject\\vendor\\laravel\\framework\\src\\Illuminate\\Encryption\\EncryptionServiceProvider.php(32): Illuminate\\Encryption\\EncryptionServiceProvider->parseKey()
#4 C:\\Users\\kildi\\OneDrive\\Documenten\\GitHub\\maaltijdenproject\\vendor\\laravel\\framework\\src\\Illuminate\\Container\\Container.php(869): Illuminate\\Encryption\\EncryptionServiceProvider->Illuminate\\Encryption\\{closure}()
#5 C:\\Users\\kildi\\OneDrive\\Documenten\\GitHub\\maaltijdenproject\\vendor\\laravel\\framework\\src\\Illuminate\\Container\\Container.php(754): Illuminate\\Container\\Container->build()
#6 C:\\Users\\kildi\\OneDrive\\Documenten\\GitHub\\maaltijdenproject\\vendor\\laravel\\framework\\src\\Illuminate\\Foundation\\Application.php(841): Illuminate\\Container\\Container->resolve()
#7 C:\\Users\\kildi\\OneDrive\\Documenten\\GitHub\\maaltijdenproject\\vendor\\laravel\\framework\\src\\Illuminate\\Container\\Container.php(692): Illuminate\\Foundation\\Application->resolve()
#8 C:\\Users\\kildi\\OneDrive\\Documenten\\GitHub\\maaltijdenproject\\vendor\\laravel\\framework\\src\\Illuminate\\Foundation\\Application.php(826): Illuminate\\Container\\Container->make()
#9 C:\\Users\\kildi\\OneDrive\\Documenten\\GitHub\\maaltijdenproject\\vendor\\laravel\\framework\\src\\Illuminate\\Container\\Container.php(1027): Illuminate\\Foundation\\Application->make()
#10 C:\\Users\\kildi\\OneDrive\\Documenten\\GitHub\\maaltijdenproject\\vendor\\laravel\\framework\\src\\Illuminate\\Container\\Container.php(947): Illuminate\\Container\\Container->resolveClass()
#11 C:\\Users\\kildi\\OneDrive\\Documenten\\GitHub\\maaltijdenproject\\vendor\\laravel\\framework\\src\\Illuminate\\Container\\Container.php(908): Illuminate\\Container\\Container->resolveDependencies()
#12 C:\\Users\\kildi\\OneDrive\\Documenten\\GitHub\\maaltijdenproject\\vendor\\laravel\\framework\\src\\Illuminate\\Container\\Container.php(754): Illuminate\\Container\\Container->build()
#13 C:\\Users\\kildi\\OneDrive\\Documenten\\GitHub\\maaltijdenproject\\vendor\\laravel\\framework\\src\\Illuminate\\Foundation\\Application.php(841): Illuminate\\Container\\Container->resolve()
#14 C:\\Users\\kildi\\OneDrive\\Documenten\\GitHub\\maaltijdenproject\\vendor\\laravel\\framework\\src\\Illuminate\\Container\\Container.php(692): Illuminate\\Foundation\\Application->resolve()
#15 C:\\Users\\kildi\\OneDrive\\Documenten\\GitHub\\maaltijdenproject\\vendor\\laravel\\framework\\src\\Illuminate\\Foundation\\Application.php(826): Illuminate\\Container\\Container->make()
#16 C:\\Users\\kildi\\OneDrive\\Documenten\\GitHub\\maaltijdenproject\\vendor\\laravel\\framework\\src\\Illuminate\\Foundation\\Http\\Kernel.php(205): Illuminate\\Foundation\\Application->make()
#17 C:\\Users\\kildi\\OneDrive\\Documenten\\GitHub\\maaltijdenproject\\vendor\\laravel\\framework\\src\\Illuminate\\Foundation\\Http\\Kernel.php(179): Illuminate\\Foundation\\Http\\Kernel->terminateMiddleware()
#18 C:\\Users\\kildi\\OneDrive\\Documenten\\GitHub\\maaltijdenproject\\public\\index.php(55): Illuminate\\Foundation\\Http\\Kernel->terminate()
#19 C:\\Users\\kildi\\OneDrive\\Documenten\\GitHub\\maaltijdenproject\\server.php(21): require_once('C:\\\\Users\\\\kildi\\\\...')
#20 {main}
"} 
[2022-06-02 08:16:47] production.ERROR: No application encryption key has been specified. {"exception":"[object] (Illuminate\\Encryption\\MissingAppKeyException(code: 0): No application encryption key has been specified. at C:\\Users\\kildi\\OneDrive\\Documenten\\GitHub\\maaltijdenproject\\vendor\\laravel\\framework\\src\\Illuminate\\Encryption\\EncryptionServiceProvider.php:79)
[stacktrace]
#0 C:\\Users\\kildi\\OneDrive\\Documenten\\GitHub\\maaltijdenproject\\vendor\\laravel\\framework\\src\\Illuminate\\Support\\helpers.php(263): Illuminate\\Encryption\\EncryptionServiceProvider->Illuminate\\Encryption\\{closure}()
#1 C:\\Users\\kildi\\OneDrive\\Documenten\\GitHub\\maaltijdenproject\\vendor\\laravel\\framework\\src\\Illuminate\\Encryption\\EncryptionServiceProvider.php(81): tap()
#2 C:\\Users\\kildi\\OneDrive\\Documenten\\GitHub\\maaltijdenproject\\vendor\\laravel\\framework\\src\\Illuminate\\Encryption\\EncryptionServiceProvider.php(60): Illuminate\\Encryption\\EncryptionServiceProvider->key()
#3 C:\\Users\\kildi\\OneDrive\\Documenten\\GitHub\\maaltijdenproject\\vendor\\laravel\\framework\\src\\Illuminate\\Encryption\\EncryptionServiceProvider.php(32): Illuminate\\Encryption\\EncryptionServiceProvider->parseKey()
#4 C:\\Users\\kildi\\OneDrive\\Documenten\\GitHub\\maaltijdenproject\\vendor\\laravel\\framework\\src\\Illuminate\\Container\\Container.php(869): Illuminate\\Encryption\\EncryptionServiceProvider->Illuminate\\Encryption\\{closure}()
#5 C:\\Users\\kildi\\OneDrive\\Documenten\\GitHub\\maaltijdenproject\\vendor\\laravel\\framework\\src\\Illuminate\\Container\\Container.php(754): Illuminate\\Container\\Container->build()
#6 C:\\Users\\kildi\\OneDrive\\Documenten\\GitHub\\maaltijdenproject\\vendor\\laravel\\framework\\src\\Illuminate\\Foundation\\Application.php(841): Illuminate\\Container\\Container->resolve()
#7 C:\\Users\\kildi\\OneDrive\\Documenten\\GitHub\\maaltijdenproject\\vendor\\laravel\\framework\\src\\Illuminate\\Container\\Container.php(692): Illuminate\\Foundation\\Application->resolve()
#8 C:\\Users\\kildi\\OneDrive\\Documenten\\GitHub\\maaltijdenproject\\vendor\\laravel\\framework\\src\\Illuminate\\Foundation\\Application.php(826): Illuminate\\Container\\Container->make()
#9 C:\\Users\\kildi\\OneDrive\\Documenten\\GitHub\\maaltijdenproject\\vendor\\laravel\\framework\\src\\Illuminate\\Container\\Container.php(1027): Illuminate\\Foundation\\Application->make()
#10 C:\\Users\\kildi\\OneDrive\\Documenten\\GitHub\\maaltijdenproject\\vendor\\laravel\\framework\\src\\Illuminate\\Container\\Container.php(947): Illuminate\\Container\\Container->resolveClass()
#11 C:\\Users\\kildi\\OneDrive\\Documenten\\GitHub\\maaltijdenproject\\vendor\\laravel\\framework\\src\\Illuminate\\Container\\Container.php(908): Illuminate\\Container\\Container->resolveDependencies()
#12 C:\\Users\\kildi\\OneDrive\\Documenten\\GitHub\\maaltijdenproject\\vendor\\laravel\\framework\\src\\Illuminate\\Container\\Container.php(754): Illuminate\\Container\\Container->build()
#13 C:\\Users\\kildi\\OneDrive\\Documenten\\GitHub\\maaltijdenproject\\vendor\\laravel\\framework\\src\\Illuminate\\Foundation\\Application.php(841): Illuminate\\Container\\Container->resolve()
#14 C:\\Users\\kildi\\OneDrive\\Documenten\\GitHub\\maaltijdenproject\\vendor\\laravel\\framework\\src\\Illuminate\\Container\\Container.php(692): Illuminate\\Foundation\\Application->resolve()
#15 C:\\Users\\kildi\\OneDrive\\Documenten\\GitHub\\maaltijdenproject\\vendor\\laravel\\framework\\src\\Illuminate\\Foundation\\Application.php(826): Illuminate\\Container\\Container->make()
#16 C:\\Users\\kildi\\OneDrive\\Documenten\\GitHub\\maaltijdenproject\\vendor\\laravel\\framework\\src\\Illuminate\\Pipeline\\Pipeline.php(156): Illuminate\\Foundation\\Application->make()
#17 C:\\Users\\kildi\\OneDrive\\Documenten\\GitHub\\maaltijdenproject\\vendor\\laravel\\framework\\src\\Illuminate\\Pipeline\\Pipeline.php(103): Illuminate\\Pipeline\\Pipeline->Illuminate\\Pipeline\\{closure}()
#18 C:\\Users\\kildi\\OneDrive\\Documenten\\GitHub\\maaltijdenproject\\vendor\\laravel\\framework\\src\\Illuminate\\Routing\\Router.php(697): Illuminate\\Pipeline\\Pipeline->then()
#19 C:\\Users\\kildi\\OneDrive\\Documenten\\GitHub\\maaltijdenproject\\vendor\\laravel\\framework\\src\\Illuminate\\Routing\\Router.php(672): Illuminate\\Routing\\Router->runRouteWithinStack()
#20 C:\\Users\\kildi\\OneDrive\\Documenten\\GitHub\\maaltijdenproject\\vendor\\laravel\\framework\\src\\Illuminate\\Routing\\Router.php(636): Illuminate\\Routing\\Router->runRoute()
#21 C:\\Users\\kildi\\OneDrive\\Documenten\\GitHub\\maaltijdenproject\\vendor\\laravel\\framework\\src\\Illuminate\\Routing\\Router.php(625): Illuminate\\Routing\\Router->dispatchToRoute()
#22 C:\\Users\\kildi\\OneDrive\\Documenten\\GitHub\\maaltijdenproject\\vendor\\laravel\\framework\\src\\Illuminate\\Foundation\\Http\\Kernel.php(166): Illuminate\\Routing\\Router->dispatch()
#23 C:\\Users\\kildi\\OneDrive\\Documenten\\GitHub\\maaltijdenproject\\vendor\\laravel\\framework\\src\\Illuminate\\Pipeline\\Pipeline.php(128): Illuminate\\Foundation\\Http\\Kernel->Illuminate\\Foundation\\Http\\{closure}()
#24 C:\\Users\\kildi\\OneDrive\\Documenten\\GitHub\\maaltijdenproject\\vendor\\laravel\\framework\\src\\Illuminate\\Foundation\\Http\\Middleware\\TransformsRequest.php(21): Illuminate\\Pipeline\\Pipeline->Illuminate\\Pipeline\\{closure}()
#25 C:\\Users\\kildi\\OneDrive\\Documenten\\GitHub\\maaltijdenproject\\vendor\\laravel\\framework\\src\\Illuminate\\Foundation\\Http\\Middleware\\ConvertEmptyStringsToNull.php(31): Illuminate\\Foundation\\Http\\Middleware\\TransformsRequest->handle()
#26 C:\\Users\\kildi\\OneDrive\\Documenten\\GitHub\\maaltijdenproject\\vendor\\laravel\\framework\\src\\Illuminate\\Pipeline\\Pipeline.php(167): Illuminate\\Foundation\\Http\\Middleware\\ConvertEmptyStringsToNull->handle()
#27 C:\\Users\\kildi\\OneDrive\\Documenten\\GitHub\\maaltijdenproject\\vendor\\laravel\\framework\\src\\Illuminate\\Foundation\\Http\\Middleware\\TransformsRequest.php(21): Illuminate\\Pipeline\\Pipeline->Illuminate\\Pipeline\\{closure}()
#28 C:\\Users\\kildi\\OneDrive\\Documenten\\GitHub\\maaltijdenproject\\vendor\\laravel\\framework\\src\\Illuminate\\Foundation\\Http\\Middleware\\TrimStrings.php(40): Illuminate\\Foundation\\Http\\Middleware\\TransformsRequest->handle()
#29 C:\\Users\\kildi\\OneDrive\\Documenten\\GitHub\\maaltijdenproject\\vendor\\laravel\\framework\\src\\Illuminate\\Pipeline\\Pipeline.php(167): Illuminate\\Foundation\\Http\\Middleware\\TrimStrings->handle()
#30 C:\\Users\\kildi\\OneDrive\\Documenten\\GitHub\\maaltijdenproject\\vendor\\laravel\\framework\\src\\Illuminate\\Foundation\\Http\\Middleware\\ValidatePostSize.php(27): Illuminate\\Pipeline\\Pipeline->Illuminate\\Pipeline\\{closure}()
#31 C:\\Users\\kildi\\OneDrive\\Documenten\\GitHub\\maaltijdenproject\\vendor\\laravel\\framework\\src\\Illuminate\\Pipeline\\Pipeline.php(167): Illuminate\\Foundation\\Http\\Middleware\\ValidatePostSize->handle()
#32 C:\\Users\\kildi\\OneDrive\\Documenten\\GitHub\\maaltijdenproject\\vendor\\laravel\\framework\\src\\Illuminate\\Foundation\\Http\\Middleware\\PreventRequestsDuringMaintenance.php(86): Illuminate\\Pipeline\\Pipeline->Illuminate\\Pipeline\\{closure}()
#33 C:\\Users\\kildi\\OneDrive\\Documenten\\GitHub\\maaltijdenproject\\vendor\\laravel\\framework\\src\\Illuminate\\Pipeline\\Pipeline.php(167): Illuminate\\Foundation\\Http\\Middleware\\PreventRequestsDuringMaintenance->handle()
#34 C:\\Users\\kildi\\OneDrive\\Documenten\\GitHub\\maaltijdenproject\\vendor\\fruitcake\\laravel-cors\\src\\HandleCors.php(38): Illuminate\\Pipeline\\Pipeline->Illuminate\\Pipeline\\{closure}()
#35 C:\\Users\\kildi\\OneDrive\\Documenten\\GitHub\\maaltijdenproject\\vendor\\laravel\\framework\\src\\Illuminate\\Pipeline\\Pipeline.php(167): Fruitcake\\Cors\\HandleCors->handle()
#36 C:\\Users\\kildi\\OneDrive\\Documenten\\GitHub\\maaltijdenproject\\vendor\\fideloper\\proxy\\src\\TrustProxies.php(57): Illuminate\\Pipeline\\Pipeline->Illuminate\\Pipeline\\{closure}()
#37 C:\\Users\\kildi\\OneDrive\\Documenten\\GitHub\\maaltijdenproject\\vendor\\laravel\\framework\\src\\Illuminate\\Pipeline\\Pipeline.php(167): Fideloper\\Proxy\\TrustProxies->handle()
#38 C:\\Users\\kildi\\OneDrive\\Documenten\\GitHub\\maaltijdenproject\\vendor\\laravel\\framework\\src\\Illuminate\\Pipeline\\Pipeline.php(103): Illuminate\\Pipeline\\Pipeline->Illuminate\\Pipeline\\{closure}()
#39 C:\\Users\\kildi\\OneDrive\\Documenten\\GitHub\\maaltijdenproject\\vendor\\laravel\\framework\\src\\Illuminate\\Foundation\\Http\\Kernel.php(141): Illuminate\\Pipeline\\Pipeline->then()
#40 C:\\Users\\kildi\\OneDrive\\Documenten\\GitHub\\maaltijdenproject\\vendor\\laravel\\framework\\src\\Illuminate\\Foundation\\Http\\Kernel.php(110): Illuminate\\Foundation\\Http\\Kernel->sendRequestThroughRouter()
#41 C:\\Users\\kildi\\OneDrive\\Documenten\\GitHub\\maaltijdenproject\\public\\index.php(52): Illuminate\\Foundation\\Http\\Kernel->handle()
#42 C:\\Users\\kildi\\OneDrive\\Documenten\\GitHub\\maaltijdenproject\\server.php(21): require_once('C:\\\\Users\\\\kildi\\\\...')
#43 {main}
"} 
[2022-06-02 08:16:48] production.ERROR: No application encryption key has been specified. {"exception":"[object] (Illuminate\\Encryption\\MissingAppKeyException(code: 0): No application encryption key has been specified. at C:\\Users\\kildi\\OneDrive\\Documenten\\GitHub\\maaltijdenproject\\vendor\\laravel\\framework\\src\\Illuminate\\Encryption\\EncryptionServiceProvider.php:79)
[stacktrace]
#0 C:\\Users\\kildi\\OneDrive\\Documenten\\GitHub\\maaltijdenproject\\vendor\\laravel\\framework\\src\\Illuminate\\Support\\helpers.php(263): Illuminate\\Encryption\\EncryptionServiceProvider->Illuminate\\Encryption\\{closure}()
#1 C:\\Users\\kildi\\OneDrive\\Documenten\\GitHub\\maaltijdenproject\\vendor\\laravel\\framework\\src\\Illuminate\\Encryption\\EncryptionServiceProvider.php(81): tap()
#2 C:\\Users\\kildi\\OneDrive\\Documenten\\GitHub\\maaltijdenproject\\vendor\\laravel\\framework\\src\\Illuminate\\Encryption\\EncryptionServiceProvider.php(60): Illuminate\\Encryption\\EncryptionServiceProvider->key()
#3 C:\\Users\\kildi\\OneDrive\\Documenten\\GitHub\\maaltijdenproject\\vendor\\laravel\\framework\\src\\Illuminate\\Encryption\\EncryptionServiceProvider.php(32): Illuminate\\Encryption\\EncryptionServiceProvider->parseKey()
#4 C:\\Users\\kildi\\OneDrive\\Documenten\\GitHub\\maaltijdenproject\\vendor\\laravel\\framework\\src\\Illuminate\\Container\\Container.php(869): Illuminate\\Encryption\\EncryptionServiceProvider->Illuminate\\Encryption\\{closure}()
#5 C:\\Users\\kildi\\OneDrive\\Documenten\\GitHub\\maaltijdenproject\\vendor\\laravel\\framework\\src\\Illuminate\\Container\\Container.php(754): Illuminate\\Container\\Container->build()
#6 C:\\Users\\kildi\\OneDrive\\Documenten\\GitHub\\maaltijdenproject\\vendor\\laravel\\framework\\src\\Illuminate\\Foundation\\Application.php(841): Illuminate\\Container\\Container->resolve()
#7 C:\\Users\\kildi\\OneDrive\\Documenten\\GitHub\\maaltijdenproject\\vendor\\laravel\\framework\\src\\Illuminate\\Container\\Container.php(692): Illuminate\\Foundation\\Application->resolve()
#8 C:\\Users\\kildi\\OneDrive\\Documenten\\GitHub\\maaltijdenproject\\vendor\\laravel\\framework\\src\\Illuminate\\Foundation\\Application.php(826): Illuminate\\Container\\Container->make()
#9 C:\\Users\\kildi\\OneDrive\\Documenten\\GitHub\\maaltijdenproject\\vendor\\laravel\\framework\\src\\Illuminate\\Container\\Container.php(1027): Illuminate\\Foundation\\Application->make()
#10 C:\\Users\\kildi\\OneDrive\\Documenten\\GitHub\\maaltijdenproject\\vendor\\laravel\\framework\\src\\Illuminate\\Container\\Container.php(947): Illuminate\\Container\\Container->resolveClass()
#11 C:\\Users\\kildi\\OneDrive\\Documenten\\GitHub\\maaltijdenproject\\vendor\\laravel\\framework\\src\\Illuminate\\Container\\Container.php(908): Illuminate\\Container\\Container->resolveDependencies()
#12 C:\\Users\\kildi\\OneDrive\\Documenten\\GitHub\\maaltijdenproject\\vendor\\laravel\\framework\\src\\Illuminate\\Container\\Container.php(754): Illuminate\\Container\\Container->build()
#13 C:\\Users\\kildi\\OneDrive\\Documenten\\GitHub\\maaltijdenproject\\vendor\\laravel\\framework\\src\\Illuminate\\Foundation\\Application.php(841): Illuminate\\Container\\Container->resolve()
#14 C:\\Users\\kildi\\OneDrive\\Documenten\\GitHub\\maaltijdenproject\\vendor\\laravel\\framework\\src\\Illuminate\\Container\\Container.php(692): Illuminate\\Foundation\\Application->resolve()
#15 C:\\Users\\kildi\\OneDrive\\Documenten\\GitHub\\maaltijdenproject\\vendor\\laravel\\framework\\src\\Illuminate\\Foundation\\Application.php(826): Illuminate\\Container\\Container->make()
#16 C:\\Users\\kildi\\OneDrive\\Documenten\\GitHub\\maaltijdenproject\\vendor\\laravel\\framework\\src\\Illuminate\\Foundation\\Http\\Kernel.php(205): Illuminate\\Foundation\\Application->make()
#17 C:\\Users\\kildi\\OneDrive\\Documenten\\GitHub\\maaltijdenproject\\vendor\\laravel\\framework\\src\\Illuminate\\Foundation\\Http\\Kernel.php(179): Illuminate\\Foundation\\Http\\Kernel->terminateMiddleware()
#18 C:\\Users\\kildi\\OneDrive\\Documenten\\GitHub\\maaltijdenproject\\public\\index.php(55): Illuminate\\Foundation\\Http\\Kernel->terminate()
#19 C:\\Users\\kildi\\OneDrive\\Documenten\\GitHub\\maaltijdenproject\\server.php(21): require_once('C:\\\\Users\\\\kildi\\\\...')
#20 {main}
"} 
[2022-06-02 09:15:20] production.ERROR: No arguments expected for "migrate" command, got "fresh". {"exception":"[object] (Symfony\\Component\\Console\\Exception\\RuntimeException(code: 0): No arguments expected for \"migrate\" command, got \"fresh\". at C:\\Users\\kildi\\OneDrive\\Documenten\\GitHub\\maaltijdenproject\\vendor\\symfony\\console\\Input\\ArgvInput.php:186)
[stacktrace]
#0 C:\\Users\\kildi\\OneDrive\\Documenten\\GitHub\\maaltijdenproject\\vendor\\symfony\\console\\Input\\ArgvInput.php(80): Symfony\\Component\\Console\\Input\\ArgvInput->parseArgument()
#1 C:\\Users\\kildi\\OneDrive\\Documenten\\GitHub\\maaltijdenproject\\vendor\\symfony\\console\\Input\\Input.php(55): Symfony\\Component\\Console\\Input\\ArgvInput->parse()
#2 C:\\Users\\kildi\\OneDrive\\Documenten\\GitHub\\maaltijdenproject\\vendor\\symfony\\console\\Command\\Command.php(258): Symfony\\Component\\Console\\Input\\Input->bind()
#3 C:\\Users\\kildi\\OneDrive\\Documenten\\GitHub\\maaltijdenproject\\vendor\\laravel\\framework\\src\\Illuminate\\Console\\Command.php(121): Symfony\\Component\\Console\\Command\\Command->run()
#4 C:\\Users\\kildi\\OneDrive\\Documenten\\GitHub\\maaltijdenproject\\vendor\\symfony\\console\\Application.php(978): Illuminate\\Console\\Command->run()
#5 C:\\Users\\kildi\\OneDrive\\Documenten\\GitHub\\maaltijdenproject\\vendor\\symfony\\console\\Application.php(295): Symfony\\Component\\Console\\Application->doRunCommand()
#6 C:\\Users\\kildi\\OneDrive\\Documenten\\GitHub\\maaltijdenproject\\vendor\\symfony\\console\\Application.php(167): Symfony\\Component\\Console\\Application->doRun()
#7 C:\\Users\\kildi\\OneDrive\\Documenten\\GitHub\\maaltijdenproject\\vendor\\laravel\\framework\\src\\Illuminate\\Console\\Application.php(92): Symfony\\Component\\Console\\Application->run()
#8 C:\\Users\\kildi\\OneDrive\\Documenten\\GitHub\\maaltijdenproject\\vendor\\laravel\\framework\\src\\Illuminate\\Foundation\\Console\\Kernel.php(129): Illuminate\\Console\\Application->run()
#9 C:\\Users\\kildi\\OneDrive\\Documenten\\GitHub\\maaltijdenproject\\artisan(37): Illuminate\\Foundation\\Console\\Kernel->handle()
#10 {main}
"} 
[2022-06-02 09:23:29] production.ERROR: No application encryption key has been specified. {"exception":"[object] (Illuminate\\Encryption\\MissingAppKeyException(code: 0): No application encryption key has been specified. at C:\\Users\\kildi\\OneDrive\\Documenten\\GitHub\\maaltijdenproject\\vendor\\laravel\\framework\\src\\Illuminate\\Encryption\\EncryptionServiceProvider.php:79)
[stacktrace]
#0 C:\\Users\\kildi\\OneDrive\\Documenten\\GitHub\\maaltijdenproject\\vendor\\laravel\\framework\\src\\Illuminate\\Support\\helpers.php(263): Illuminate\\Encryption\\EncryptionServiceProvider->Illuminate\\Encryption\\{closure}()
#1 C:\\Users\\kildi\\OneDrive\\Documenten\\GitHub\\maaltijdenproject\\vendor\\laravel\\framework\\src\\Illuminate\\Encryption\\EncryptionServiceProvider.php(81): tap()
#2 C:\\Users\\kildi\\OneDrive\\Documenten\\GitHub\\maaltijdenproject\\vendor\\laravel\\framework\\src\\Illuminate\\Encryption\\EncryptionServiceProvider.php(60): Illuminate\\Encryption\\EncryptionServiceProvider->key()
#3 C:\\Users\\kildi\\OneDrive\\Documenten\\GitHub\\maaltijdenproject\\vendor\\laravel\\framework\\src\\Illuminate\\Encryption\\EncryptionServiceProvider.php(32): Illuminate\\Encryption\\EncryptionServiceProvider->parseKey()
#4 C:\\Users\\kildi\\OneDrive\\Documenten\\GitHub\\maaltijdenproject\\vendor\\laravel\\framework\\src\\Illuminate\\Container\\Container.php(869): Illuminate\\Encryption\\EncryptionServiceProvider->Illuminate\\Encryption\\{closure}()
#5 C:\\Users\\kildi\\OneDrive\\Documenten\\GitHub\\maaltijdenproject\\vendor\\laravel\\framework\\src\\Illuminate\\Container\\Container.php(754): Illuminate\\Container\\Container->build()
#6 C:\\Users\\kildi\\OneDrive\\Documenten\\GitHub\\maaltijdenproject\\vendor\\laravel\\framework\\src\\Illuminate\\Foundation\\Application.php(841): Illuminate\\Container\\Container->resolve()
#7 C:\\Users\\kildi\\OneDrive\\Documenten\\GitHub\\maaltijdenproject\\vendor\\laravel\\framework\\src\\Illuminate\\Container\\Container.php(692): Illuminate\\Foundation\\Application->resolve()
#8 C:\\Users\\kildi\\OneDrive\\Documenten\\GitHub\\maaltijdenproject\\vendor\\laravel\\framework\\src\\Illuminate\\Foundation\\Application.php(826): Illuminate\\Container\\Container->make()
#9 C:\\Users\\kildi\\OneDrive\\Documenten\\GitHub\\maaltijdenproject\\vendor\\laravel\\framework\\src\\Illuminate\\Container\\Container.php(1027): Illuminate\\Foundation\\Application->make()
#10 C:\\Users\\kildi\\OneDrive\\Documenten\\GitHub\\maaltijdenproject\\vendor\\laravel\\framework\\src\\Illuminate\\Container\\Container.php(947): Illuminate\\Container\\Container->resolveClass()
#11 C:\\Users\\kildi\\OneDrive\\Documenten\\GitHub\\maaltijdenproject\\vendor\\laravel\\framework\\src\\Illuminate\\Container\\Container.php(908): Illuminate\\Container\\Container->resolveDependencies()
#12 C:\\Users\\kildi\\OneDrive\\Documenten\\GitHub\\maaltijdenproject\\vendor\\laravel\\framework\\src\\Illuminate\\Container\\Container.php(754): Illuminate\\Container\\Container->build()
#13 C:\\Users\\kildi\\OneDrive\\Documenten\\GitHub\\maaltijdenproject\\vendor\\laravel\\framework\\src\\Illuminate\\Foundation\\Application.php(841): Illuminate\\Container\\Container->resolve()
#14 C:\\Users\\kildi\\OneDrive\\Documenten\\GitHub\\maaltijdenproject\\vendor\\laravel\\framework\\src\\Illuminate\\Container\\Container.php(692): Illuminate\\Foundation\\Application->resolve()
#15 C:\\Users\\kildi\\OneDrive\\Documenten\\GitHub\\maaltijdenproject\\vendor\\laravel\\framework\\src\\Illuminate\\Foundation\\Application.php(826): Illuminate\\Container\\Container->make()
#16 C:\\Users\\kildi\\OneDrive\\Documenten\\GitHub\\maaltijdenproject\\vendor\\laravel\\framework\\src\\Illuminate\\Pipeline\\Pipeline.php(156): Illuminate\\Foundation\\Application->make()
#17 C:\\Users\\kildi\\OneDrive\\Documenten\\GitHub\\maaltijdenproject\\vendor\\laravel\\framework\\src\\Illuminate\\Pipeline\\Pipeline.php(103): Illuminate\\Pipeline\\Pipeline->Illuminate\\Pipeline\\{closure}()
#18 C:\\Users\\kildi\\OneDrive\\Documenten\\GitHub\\maaltijdenproject\\vendor\\laravel\\framework\\src\\Illuminate\\Routing\\Router.php(697): Illuminate\\Pipeline\\Pipeline->then()
#19 C:\\Users\\kildi\\OneDrive\\Documenten\\GitHub\\maaltijdenproject\\vendor\\laravel\\framework\\src\\Illuminate\\Routing\\Router.php(672): Illuminate\\Routing\\Router->runRouteWithinStack()
#20 C:\\Users\\kildi\\OneDrive\\Documenten\\GitHub\\maaltijdenproject\\vendor\\laravel\\framework\\src\\Illuminate\\Routing\\Router.php(636): Illuminate\\Routing\\Router->runRoute()
#21 C:\\Users\\kildi\\OneDrive\\Documenten\\GitHub\\maaltijdenproject\\vendor\\laravel\\framework\\src\\Illuminate\\Routing\\Router.php(625): Illuminate\\Routing\\Router->dispatchToRoute()
#22 C:\\Users\\kildi\\OneDrive\\Documenten\\GitHub\\maaltijdenproject\\vendor\\laravel\\framework\\src\\Illuminate\\Foundation\\Http\\Kernel.php(166): Illuminate\\Routing\\Router->dispatch()
#23 C:\\Users\\kildi\\OneDrive\\Documenten\\GitHub\\maaltijdenproject\\vendor\\laravel\\framework\\src\\Illuminate\\Pipeline\\Pipeline.php(128): Illuminate\\Foundation\\Http\\Kernel->Illuminate\\Foundation\\Http\\{closure}()
#24 C:\\Users\\kildi\\OneDrive\\Documenten\\GitHub\\maaltijdenproject\\vendor\\laravel\\framework\\src\\Illuminate\\Foundation\\Http\\Middleware\\TransformsRequest.php(21): Illuminate\\Pipeline\\Pipeline->Illuminate\\Pipeline\\{closure}()
#25 C:\\Users\\kildi\\OneDrive\\Documenten\\GitHub\\maaltijdenproject\\vendor\\laravel\\framework\\src\\Illuminate\\Foundation\\Http\\Middleware\\ConvertEmptyStringsToNull.php(31): Illuminate\\Foundation\\Http\\Middleware\\TransformsRequest->handle()
#26 C:\\Users\\kildi\\OneDrive\\Documenten\\GitHub\\maaltijdenproject\\vendor\\laravel\\framework\\src\\Illuminate\\Pipeline\\Pipeline.php(167): Illuminate\\Foundation\\Http\\Middleware\\ConvertEmptyStringsToNull->handle()
#27 C:\\Users\\kildi\\OneDrive\\Documenten\\GitHub\\maaltijdenproject\\vendor\\laravel\\framework\\src\\Illuminate\\Foundation\\Http\\Middleware\\TransformsRequest.php(21): Illuminate\\Pipeline\\Pipeline->Illuminate\\Pipeline\\{closure}()
#28 C:\\Users\\kildi\\OneDrive\\Documenten\\GitHub\\maaltijdenproject\\vendor\\laravel\\framework\\src\\Illuminate\\Foundation\\Http\\Middleware\\TrimStrings.php(40): Illuminate\\Foundation\\Http\\Middleware\\TransformsRequest->handle()
#29 C:\\Users\\kildi\\OneDrive\\Documenten\\GitHub\\maaltijdenproject\\vendor\\laravel\\framework\\src\\Illuminate\\Pipeline\\Pipeline.php(167): Illuminate\\Foundation\\Http\\Middleware\\TrimStrings->handle()
#30 C:\\Users\\kildi\\OneDrive\\Documenten\\GitHub\\maaltijdenproject\\vendor\\laravel\\framework\\src\\Illuminate\\Foundation\\Http\\Middleware\\ValidatePostSize.php(27): Illuminate\\Pipeline\\Pipeline->Illuminate\\Pipeline\\{closure}()
#31 C:\\Users\\kildi\\OneDrive\\Documenten\\GitHub\\maaltijdenproject\\vendor\\laravel\\framework\\src\\Illuminate\\Pipeline\\Pipeline.php(167): Illuminate\\Foundation\\Http\\Middleware\\ValidatePostSize->handle()
#32 C:\\Users\\kildi\\OneDrive\\Documenten\\GitHub\\maaltijdenproject\\vendor\\laravel\\framework\\src\\Illuminate\\Foundation\\Http\\Middleware\\PreventRequestsDuringMaintenance.php(86): Illuminate\\Pipeline\\Pipeline->Illuminate\\Pipeline\\{closure}()
#33 C:\\Users\\kildi\\OneDrive\\Documenten\\GitHub\\maaltijdenproject\\vendor\\laravel\\framework\\src\\Illuminate\\Pipeline\\Pipeline.php(167): Illuminate\\Foundation\\Http\\Middleware\\PreventRequestsDuringMaintenance->handle()
#34 C:\\Users\\kildi\\OneDrive\\Documenten\\GitHub\\maaltijdenproject\\vendor\\fruitcake\\laravel-cors\\src\\HandleCors.php(38): Illuminate\\Pipeline\\Pipeline->Illuminate\\Pipeline\\{closure}()
#35 C:\\Users\\kildi\\OneDrive\\Documenten\\GitHub\\maaltijdenproject\\vendor\\laravel\\framework\\src\\Illuminate\\Pipeline\\Pipeline.php(167): Fruitcake\\Cors\\HandleCors->handle()
#36 C:\\Users\\kildi\\OneDrive\\Documenten\\GitHub\\maaltijdenproject\\vendor\\fideloper\\proxy\\src\\TrustProxies.php(57): Illuminate\\Pipeline\\Pipeline->Illuminate\\Pipeline\\{closure}()
#37 C:\\Users\\kildi\\OneDrive\\Documenten\\GitHub\\maaltijdenproject\\vendor\\laravel\\framework\\src\\Illuminate\\Pipeline\\Pipeline.php(167): Fideloper\\Proxy\\TrustProxies->handle()
#38 C:\\Users\\kildi\\OneDrive\\Documenten\\GitHub\\maaltijdenproject\\vendor\\laravel\\framework\\src\\Illuminate\\Pipeline\\Pipeline.php(103): Illuminate\\Pipeline\\Pipeline->Illuminate\\Pipeline\\{closure}()
#39 C:\\Users\\kildi\\OneDrive\\Documenten\\GitHub\\maaltijdenproject\\vendor\\laravel\\framework\\src\\Illuminate\\Foundation\\Http\\Kernel.php(141): Illuminate\\Pipeline\\Pipeline->then()
#40 C:\\Users\\kildi\\OneDrive\\Documenten\\GitHub\\maaltijdenproject\\vendor\\laravel\\framework\\src\\Illuminate\\Foundation\\Http\\Kernel.php(110): Illuminate\\Foundation\\Http\\Kernel->sendRequestThroughRouter()
#41 C:\\Users\\kildi\\OneDrive\\Documenten\\GitHub\\maaltijdenproject\\public\\index.php(52): Illuminate\\Foundation\\Http\\Kernel->handle()
#42 C:\\Users\\kildi\\OneDrive\\Documenten\\GitHub\\maaltijdenproject\\server.php(21): require_once('C:\\\\Users\\\\kildi\\\\...')
#43 {main}
"} 
[2022-06-02 09:23:29] production.ERROR: No application encryption key has been specified. {"exception":"[object] (Illuminate\\Encryption\\MissingAppKeyException(code: 0): No application encryption key has been specified. at C:\\Users\\kildi\\OneDrive\\Documenten\\GitHub\\maaltijdenproject\\vendor\\laravel\\framework\\src\\Illuminate\\Encryption\\EncryptionServiceProvider.php:79)
[stacktrace]
#0 C:\\Users\\kildi\\OneDrive\\Documenten\\GitHub\\maaltijdenproject\\vendor\\laravel\\framework\\src\\Illuminate\\Support\\helpers.php(263): Illuminate\\Encryption\\EncryptionServiceProvider->Illuminate\\Encryption\\{closure}()
#1 C:\\Users\\kildi\\OneDrive\\Documenten\\GitHub\\maaltijdenproject\\vendor\\laravel\\framework\\src\\Illuminate\\Encryption\\EncryptionServiceProvider.php(81): tap()
#2 C:\\Users\\kildi\\OneDrive\\Documenten\\GitHub\\maaltijdenproject\\vendor\\laravel\\framework\\src\\Illuminate\\Encryption\\EncryptionServiceProvider.php(60): Illuminate\\Encryption\\EncryptionServiceProvider->key()
#3 C:\\Users\\kildi\\OneDrive\\Documenten\\GitHub\\maaltijdenproject\\vendor\\laravel\\framework\\src\\Illuminate\\Encryption\\EncryptionServiceProvider.php(32): Illuminate\\Encryption\\EncryptionServiceProvider->parseKey()
#4 C:\\Users\\kildi\\OneDrive\\Documenten\\GitHub\\maaltijdenproject\\vendor\\laravel\\framework\\src\\Illuminate\\Container\\Container.php(869): Illuminate\\Encryption\\EncryptionServiceProvider->Illuminate\\Encryption\\{closure}()
#5 C:\\Users\\kildi\\OneDrive\\Documenten\\GitHub\\maaltijdenproject\\vendor\\laravel\\framework\\src\\Illuminate\\Container\\Container.php(754): Illuminate\\Container\\Container->build()
#6 C:\\Users\\kildi\\OneDrive\\Documenten\\GitHub\\maaltijdenproject\\vendor\\laravel\\framework\\src\\Illuminate\\Foundation\\Application.php(841): Illuminate\\Container\\Container->resolve()
#7 C:\\Users\\kildi\\OneDrive\\Documenten\\GitHub\\maaltijdenproject\\vendor\\laravel\\framework\\src\\Illuminate\\Container\\Container.php(692): Illuminate\\Foundation\\Application->resolve()
#8 C:\\Users\\kildi\\OneDrive\\Documenten\\GitHub\\maaltijdenproject\\vendor\\laravel\\framework\\src\\Illuminate\\Foundation\\Application.php(826): Illuminate\\Container\\Container->make()
#9 C:\\Users\\kildi\\OneDrive\\Documenten\\GitHub\\maaltijdenproject\\vendor\\laravel\\framework\\src\\Illuminate\\Container\\Container.php(1027): Illuminate\\Foundation\\Application->make()
#10 C:\\Users\\kildi\\OneDrive\\Documenten\\GitHub\\maaltijdenproject\\vendor\\laravel\\framework\\src\\Illuminate\\Container\\Container.php(947): Illuminate\\Container\\Container->resolveClass()
#11 C:\\Users\\kildi\\OneDrive\\Documenten\\GitHub\\maaltijdenproject\\vendor\\laravel\\framework\\src\\Illuminate\\Container\\Container.php(908): Illuminate\\Container\\Container->resolveDependencies()
#12 C:\\Users\\kildi\\OneDrive\\Documenten\\GitHub\\maaltijdenproject\\vendor\\laravel\\framework\\src\\Illuminate\\Container\\Container.php(754): Illuminate\\Container\\Container->build()
#13 C:\\Users\\kildi\\OneDrive\\Documenten\\GitHub\\maaltijdenproject\\vendor\\laravel\\framework\\src\\Illuminate\\Foundation\\Application.php(841): Illuminate\\Container\\Container->resolve()
#14 C:\\Users\\kildi\\OneDrive\\Documenten\\GitHub\\maaltijdenproject\\vendor\\laravel\\framework\\src\\Illuminate\\Container\\Container.php(692): Illuminate\\Foundation\\Application->resolve()
#15 C:\\Users\\kildi\\OneDrive\\Documenten\\GitHub\\maaltijdenproject\\vendor\\laravel\\framework\\src\\Illuminate\\Foundation\\Application.php(826): Illuminate\\Container\\Container->make()
#16 C:\\Users\\kildi\\OneDrive\\Documenten\\GitHub\\maaltijdenproject\\vendor\\laravel\\framework\\src\\Illuminate\\Foundation\\Http\\Kernel.php(205): Illuminate\\Foundation\\Application->make()
#17 C:\\Users\\kildi\\OneDrive\\Documenten\\GitHub\\maaltijdenproject\\vendor\\laravel\\framework\\src\\Illuminate\\Foundation\\Http\\Kernel.php(179): Illuminate\\Foundation\\Http\\Kernel->terminateMiddleware()
#18 C:\\Users\\kildi\\OneDrive\\Documenten\\GitHub\\maaltijdenproject\\public\\index.php(55): Illuminate\\Foundation\\Http\\Kernel->terminate()
#19 C:\\Users\\kildi\\OneDrive\\Documenten\\GitHub\\maaltijdenproject\\server.php(21): require_once('C:\\\\Users\\\\kildi\\\\...')
#20 {main}
"} 
[2022-06-02 10:18:05] local.ERROR: Method Illuminate\Database\Schema\Blueprint::int does not exist. {"exception":"[object] (BadMethodCallException(code: 0): Method Illuminate\\Database\\Schema\\Blueprint::int does not exist. at C:\\Users\\kildi\\OneDrive\\Documenten\\GitHub\\maaltijdenproject\\vendor\\laravel\\framework\\src\\Illuminate\\Macroable\\Traits\\Macroable.php:103)
[stacktrace]
#0 C:\\Users\\kildi\\OneDrive\\Documenten\\GitHub\\maaltijdenproject\\database\\migrations\\2022_06_02_085456_create_ingredients_table.php(20): Illuminate\\Database\\Schema\\Blueprint->__call()
#1 C:\\Users\\kildi\\OneDrive\\Documenten\\GitHub\\maaltijdenproject\\vendor\\laravel\\framework\\src\\Illuminate\\Database\\Schema\\Builder.php(227): CreateIngredientsTable->{closure}()
#2 C:\\Users\\kildi\\OneDrive\\Documenten\\GitHub\\maaltijdenproject\\vendor\\laravel\\framework\\src\\Illuminate\\Support\\helpers.php(263): Illuminate\\Database\\Schema\\Builder->Illuminate\\Database\\Schema\\{closure}()
#3 C:\\Users\\kildi\\OneDrive\\Documenten\\GitHub\\maaltijdenproject\\vendor\\laravel\\framework\\src\\Illuminate\\Database\\Schema\\Builder.php(228): tap()
#4 C:\\Users\\kildi\\OneDrive\\Documenten\\GitHub\\maaltijdenproject\\vendor\\laravel\\framework\\src\\Illuminate\\Support\\Facades\\Facade.php(261): Illuminate\\Database\\Schema\\Builder->create()
#5 C:\\Users\\kildi\\OneDrive\\Documenten\\GitHub\\maaltijdenproject\\database\\migrations\\2022_06_02_085456_create_ingredients_table.php(22): Illuminate\\Support\\Facades\\Facade::__callStatic()
#6 C:\\Users\\kildi\\OneDrive\\Documenten\\GitHub\\maaltijdenproject\\vendor\\laravel\\framework\\src\\Illuminate\\Database\\Migrations\\Migrator.php(394): CreateIngredientsTable->up()
#7 C:\\Users\\kildi\\OneDrive\\Documenten\\GitHub\\maaltijdenproject\\vendor\\laravel\\framework\\src\\Illuminate\\Database\\Migrations\\Migrator.php(403): Illuminate\\Database\\Migrations\\Migrator->Illuminate\\Database\\Migrations\\{closure}()
#8 C:\\Users\\kildi\\OneDrive\\Documenten\\GitHub\\maaltijdenproject\\vendor\\laravel\\framework\\src\\Illuminate\\Database\\Migrations\\Migrator.php(202): Illuminate\\Database\\Migrations\\Migrator->runMigration()
#9 C:\\Users\\kildi\\OneDrive\\Documenten\\GitHub\\maaltijdenproject\\vendor\\laravel\\framework\\src\\Illuminate\\Database\\Migrations\\Migrator.php(167): Illuminate\\Database\\Migrations\\Migrator->runUp()
#10 C:\\Users\\kildi\\OneDrive\\Documenten\\GitHub\\maaltijdenproject\\vendor\\laravel\\framework\\src\\Illuminate\\Database\\Migrations\\Migrator.php(112): Illuminate\\Database\\Migrations\\Migrator->runPending()
#11 C:\\Users\\kildi\\OneDrive\\Documenten\\GitHub\\maaltijdenproject\\vendor\\laravel\\framework\\src\\Illuminate\\Database\\Console\\Migrations\\MigrateCommand.php(85): Illuminate\\Database\\Migrations\\Migrator->run()
#12 C:\\Users\\kildi\\OneDrive\\Documenten\\GitHub\\maaltijdenproject\\vendor\\laravel\\framework\\src\\Illuminate\\Database\\Migrations\\Migrator.php(585): Illuminate\\Database\\Console\\Migrations\\MigrateCommand->Illuminate\\Database\\Console\\Migrations\\{closure}()
#13 C:\\Users\\kildi\\OneDrive\\Documenten\\GitHub\\maaltijdenproject\\vendor\\laravel\\framework\\src\\Illuminate\\Database\\Console\\Migrations\\MigrateCommand.php(94): Illuminate\\Database\\Migrations\\Migrator->usingConnection()
#14 C:\\Users\\kildi\\OneDrive\\Documenten\\GitHub\\maaltijdenproject\\vendor\\laravel\\framework\\src\\Illuminate\\Container\\BoundMethod.php(36): Illuminate\\Database\\Console\\Migrations\\MigrateCommand->handle()
#15 C:\\Users\\kildi\\OneDrive\\Documenten\\GitHub\\maaltijdenproject\\vendor\\laravel\\framework\\src\\Illuminate\\Container\\Util.php(40): Illuminate\\Container\\BoundMethod::Illuminate\\Container\\{closure}()
#16 C:\\Users\\kildi\\OneDrive\\Documenten\\GitHub\\maaltijdenproject\\vendor\\laravel\\framework\\src\\Illuminate\\Container\\BoundMethod.php(93): Illuminate\\Container\\Util::unwrapIfClosure()
#17 C:\\Users\\kildi\\OneDrive\\Documenten\\GitHub\\maaltijdenproject\\vendor\\laravel\\framework\\src\\Illuminate\\Container\\BoundMethod.php(37): Illuminate\\Container\\BoundMethod::callBoundMethod()
#18 C:\\Users\\kildi\\OneDrive\\Documenten\\GitHub\\maaltijdenproject\\vendor\\laravel\\framework\\src\\Illuminate\\Container\\Container.php(651): Illuminate\\Container\\BoundMethod::call()
#19 C:\\Users\\kildi\\OneDrive\\Documenten\\GitHub\\maaltijdenproject\\vendor\\laravel\\framework\\src\\Illuminate\\Console\\Command.php(136): Illuminate\\Container\\Container->call()
#20 C:\\Users\\kildi\\OneDrive\\Documenten\\GitHub\\maaltijdenproject\\vendor\\symfony\\console\\Command\\Command.php(299): Illuminate\\Console\\Command->execute()
#21 C:\\Users\\kildi\\OneDrive\\Documenten\\GitHub\\maaltijdenproject\\vendor\\laravel\\framework\\src\\Illuminate\\Console\\Command.php(121): Symfony\\Component\\Console\\Command\\Command->run()
#22 C:\\Users\\kildi\\OneDrive\\Documenten\\GitHub\\maaltijdenproject\\vendor\\laravel\\framework\\src\\Illuminate\\Console\\Concerns\\CallsCommands.php(68): Illuminate\\Console\\Command->run()
#23 C:\\Users\\kildi\\OneDrive\\Documenten\\GitHub\\maaltijdenproject\\vendor\\laravel\\framework\\src\\Illuminate\\Console\\Concerns\\CallsCommands.php(28): Illuminate\\Console\\Command->runCommand()
#24 C:\\Users\\kildi\\OneDrive\\Documenten\\GitHub\\maaltijdenproject\\vendor\\laravel\\framework\\src\\Illuminate\\Database\\Console\\Migrations\\FreshCommand.php(55): Illuminate\\Console\\Command->call()
#25 C:\\Users\\kildi\\OneDrive\\Documenten\\GitHub\\maaltijdenproject\\vendor\\laravel\\framework\\src\\Illuminate\\Container\\BoundMethod.php(36): Illuminate\\Database\\Console\\Migrations\\FreshCommand->handle()
#26 C:\\Users\\kildi\\OneDrive\\Documenten\\GitHub\\maaltijdenproject\\vendor\\laravel\\framework\\src\\Illuminate\\Container\\Util.php(40): Illuminate\\Container\\BoundMethod::Illuminate\\Container\\{closure}()
#27 C:\\Users\\kildi\\OneDrive\\Documenten\\GitHub\\maaltijdenproject\\vendor\\laravel\\framework\\src\\Illuminate\\Container\\BoundMethod.php(93): Illuminate\\Container\\Util::unwrapIfClosure()
#28 C:\\Users\\kildi\\OneDrive\\Documenten\\GitHub\\maaltijdenproject\\vendor\\laravel\\framework\\src\\Illuminate\\Container\\BoundMethod.php(37): Illuminate\\Container\\BoundMethod::callBoundMethod()
#29 C:\\Users\\kildi\\OneDrive\\Documenten\\GitHub\\maaltijdenproject\\vendor\\laravel\\framework\\src\\Illuminate\\Container\\Container.php(651): Illuminate\\Container\\BoundMethod::call()
#30 C:\\Users\\kildi\\OneDrive\\Documenten\\GitHub\\maaltijdenproject\\vendor\\laravel\\framework\\src\\Illuminate\\Console\\Command.php(136): Illuminate\\Container\\Container->call()
#31 C:\\Users\\kildi\\OneDrive\\Documenten\\GitHub\\maaltijdenproject\\vendor\\symfony\\console\\Command\\Command.php(299): Illuminate\\Console\\Command->execute()
#32 C:\\Users\\kildi\\OneDrive\\Documenten\\GitHub\\maaltijdenproject\\vendor\\laravel\\framework\\src\\Illuminate\\Console\\Command.php(121): Symfony\\Component\\Console\\Command\\Command->run()
#33 C:\\Users\\kildi\\OneDrive\\Documenten\\GitHub\\maaltijdenproject\\vendor\\symfony\\console\\Application.php(978): Illuminate\\Console\\Command->run()
#34 C:\\Users\\kildi\\OneDrive\\Documenten\\GitHub\\maaltijdenproject\\vendor\\symfony\\console\\Application.php(295): Symfony\\Component\\Console\\Application->doRunCommand()
#35 C:\\Users\\kildi\\OneDrive\\Documenten\\GitHub\\maaltijdenproject\\vendor\\symfony\\console\\Application.php(167): Symfony\\Component\\Console\\Application->doRun()
#36 C:\\Users\\kildi\\OneDrive\\Documenten\\GitHub\\maaltijdenproject\\vendor\\laravel\\framework\\src\\Illuminate\\Console\\Application.php(92): Symfony\\Component\\Console\\Application->run()
#37 C:\\Users\\kildi\\OneDrive\\Documenten\\GitHub\\maaltijdenproject\\vendor\\laravel\\framework\\src\\Illuminate\\Foundation\\Console\\Kernel.php(129): Illuminate\\Console\\Application->run()
#38 C:\\Users\\kildi\\OneDrive\\Documenten\\GitHub\\maaltijdenproject\\artisan(37): Illuminate\\Foundation\\Console\\Kernel->handle()
#39 {main}
"} 
